2025-10-29 12:08:33 [main] INFO  Utils - [Utils] MethodGroupsHelper.collectMethodsByGroup() took 0 ms.
2025-10-29 12:08:33 [main] INFO  Utils - [Utils] MethodGroupsHelper.sortMethods() took 0 ms.
2025-10-29 12:08:33 [main] INFO  Utils - [Utils] MethodGroupsHelper.collectMethodsByGroup() took 0 ms.
2025-10-29 12:08:33 [main] INFO  Utils - [Utils] MethodGroupsHelper.sortMethods() took 0 ms.
2025-10-29 12:08:33 [main] INFO  Utils - [Utils] MethodGroupsHelper.collectMethodsByGroup() took 0 ms.
2025-10-29 12:08:33 [main] INFO  Utils - [Utils] MethodGroupsHelper.sortMethods() took 0 ms.
2025-10-29 12:08:33 [main] INFO  Utils - [Utils] MethodGroupsHelper.collectMethodsByGroup() took 0 ms.
2025-10-29 12:08:33 [main] INFO  Utils - [Utils] MethodGroupsHelper.sortMethods() took 0 ms.
2025-10-29 12:08:33 [main] INFO  Utils - [Utils] MethodGroupsHelper.collectMethodsByGroup() took 4 ms.
2025-10-29 12:08:33 [main] INFO  Utils - [Utils] MethodGroupsHelper.sortMethods() took 34 ms.
2025-10-29 12:08:33 [main] INFO  Utils - [Utils] MethodGroupsHelper.collectMethodsByGroup() took 0 ms.
2025-10-29 12:08:33 [main] INFO  Utils - [Utils] MethodGroupsHelper.sortMethods() took 0 ms.
2025-10-29 12:08:33 [main] INFO  Utils - [Utils] MethodGroupsHelper.collectMethodsByGroup() took 0 ms.
2025-10-29 12:08:33 [main] INFO  Utils - [Utils] MethodGroupsHelper.sortMethods() took 0 ms.
2025-10-29 12:08:33 [main] INFO  Utils - [Utils] MethodGroupsHelper.collectMethodsByGroup() took 0 ms.
2025-10-29 12:08:33 [main] INFO  Utils - [Utils] MethodGroupsHelper.sortMethods() took 0 ms.
2025-10-29 12:08:33 [main] INFO  Utils - [Utils] MethodGroupsHelper.collectMethodsByGroup() took 0 ms.
2025-10-29 12:08:33 [main] INFO  Utils - [Utils] MethodGroupsHelper.sortMethods() took 0 ms.
2025-10-29 12:08:33 [main] INFO  Utils - [Utils] MethodGroupsHelper.collectMethodsByGroup() took 0 ms.
2025-10-29 12:08:33 [main] INFO  Utils - [Utils] MethodGroupsHelper.sortMethods() took 0 ms.
2025-10-29 12:08:33 [main] INFO  Utils - [Utils] MethodGroupsHelper.collectMethodsByGroup() took 0 ms.
2025-10-29 12:08:33 [main] INFO  Utils - [Utils] MethodGroupsHelper.sortMethods() took 0 ms.
2025-10-29 12:08:33 [main] INFO  Utils - [Utils] MethodGroupsHelper.collectMethodsByGroup() took 0 ms.
2025-10-29 12:08:33 [main] INFO  Utils - [Utils] MethodGroupsHelper.sortMethods() took 0 ms.
2025-10-29 12:08:33 [main] INFO  Utils - [Utils] MethodGroupsHelper.collectMethodsByGroup() took 0 ms.
2025-10-29 12:08:33 [main] INFO  Utils - [Utils] MethodGroupsHelper.sortMethods() took 0 ms.
2025-10-29 12:08:33 [main] INFO  Utils - [Utils] MethodGroupsHelper.collectMethodsByGroup() took 0 ms.
2025-10-29 12:08:33 [main] INFO  Utils - [Utils] MethodGroupsHelper.sortMethods() took 0 ms.
2025-10-29 12:08:33 [main] INFO  Utils - [Utils] MethodGroupsHelper.collectMethodsByGroup() took 0 ms.
2025-10-29 12:08:33 [main] INFO  Utils - [Utils] MethodGroupsHelper.sortMethods() took 0 ms.
2025-10-29 12:08:33 [main] INFO  Utils - [TestNG] Running:
  C:\Users\sriva\AppData\Local\Temp\testng-eclipse-315120042\testng-customsuite.xml

2025-10-29 12:08:33 [main] INFO  Utils - [Utils] DynamicGraphHelper.createDynamicGraph() took 4 ms.
2025-10-29 12:11:30 [main] INFO  Utils - [TestNG] Time taken by org.testng.reporters.jq.Main@5a6482a9: 105 ms
2025-10-29 12:11:30 [main] INFO  Utils - [TestNG] Time taken by org.testng.reporters.FailedReporter@38a1c423: 23 ms
2025-10-29 12:11:30 [main] INFO  Utils - [TestNG] Time taken by org.testng.reporters.XMLReporter@4a3be6a5: 25 ms
2025-10-29 12:11:30 [main] INFO  Utils - [TestNG] Time taken by org.testng.reporters.EmailableReporter2@62e7dffa: 8 ms
2025-10-29 12:11:30 [main] INFO  Utils - [TestNG] Time taken by org.testng.reporters.JUnitReportReporter@2a27cb34: 7 ms
2025-10-29 12:11:30 [main] INFO  Utils - [TestNG] Time taken by org.testng.internal.ExitCodeListener@6892cc6f: 0 ms
2025-10-29 12:26:52 [main] INFO  Utils - [Utils] MethodGroupsHelper.collectMethodsByGroup() took 0 ms.
2025-10-29 12:26:52 [main] INFO  Utils - [Utils] MethodGroupsHelper.sortMethods() took 2 ms.
2025-10-29 12:26:52 [main] INFO  Utils - [Utils] MethodGroupsHelper.collectMethodsByGroup() took 0 ms.
2025-10-29 12:26:52 [main] INFO  Utils - [Utils] MethodGroupsHelper.sortMethods() took 0 ms.
2025-10-29 12:26:52 [main] INFO  Utils - [Utils] MethodGroupsHelper.collectMethodsByGroup() took 0 ms.
2025-10-29 12:26:52 [main] INFO  Utils - [Utils] MethodGroupsHelper.sortMethods() took 0 ms.
2025-10-29 12:26:52 [main] INFO  Utils - [Utils] MethodGroupsHelper.collectMethodsByGroup() took 0 ms.
2025-10-29 12:26:52 [main] INFO  Utils - [Utils] MethodGroupsHelper.sortMethods() took 0 ms.
2025-10-29 12:26:52 [main] INFO  Utils - [Utils] MethodGroupsHelper.collectMethodsByGroup() took 5 ms.
2025-10-29 12:26:52 [main] INFO  Utils - [Utils] MethodGroupsHelper.sortMethods() took 8 ms.
2025-10-29 12:26:52 [main] INFO  Utils - [Utils] MethodGroupsHelper.collectMethodsByGroup() took 0 ms.
2025-10-29 12:26:52 [main] INFO  Utils - [Utils] MethodGroupsHelper.sortMethods() took 0 ms.
2025-10-29 12:26:52 [main] INFO  Utils - [Utils] MethodGroupsHelper.collectMethodsByGroup() took 0 ms.
2025-10-29 12:26:52 [main] INFO  Utils - [Utils] MethodGroupsHelper.sortMethods() took 0 ms.
2025-10-29 12:26:52 [main] INFO  Utils - [Utils] MethodGroupsHelper.collectMethodsByGroup() took 0 ms.
2025-10-29 12:26:52 [main] INFO  Utils - [Utils] MethodGroupsHelper.sortMethods() took 0 ms.
2025-10-29 12:26:52 [main] INFO  Utils - [Utils] MethodGroupsHelper.collectMethodsByGroup() took 0 ms.
2025-10-29 12:26:52 [main] INFO  Utils - [Utils] MethodGroupsHelper.sortMethods() took 0 ms.
2025-10-29 12:26:52 [main] INFO  Utils - [Utils] MethodGroupsHelper.collectMethodsByGroup() took 0 ms.
2025-10-29 12:26:52 [main] INFO  Utils - [Utils] MethodGroupsHelper.sortMethods() took 0 ms.
2025-10-29 12:26:52 [main] INFO  Utils - [Utils] MethodGroupsHelper.collectMethodsByGroup() took 0 ms.
2025-10-29 12:26:52 [main] INFO  Utils - [Utils] MethodGroupsHelper.sortMethods() took 0 ms.
2025-10-29 12:26:52 [main] INFO  Utils - [Utils] MethodGroupsHelper.collectMethodsByGroup() took 0 ms.
2025-10-29 12:26:52 [main] INFO  Utils - [Utils] MethodGroupsHelper.sortMethods() took 0 ms.
2025-10-29 12:26:52 [main] INFO  Utils - [Utils] MethodGroupsHelper.collectMethodsByGroup() took 0 ms.
2025-10-29 12:26:52 [main] INFO  Utils - [Utils] MethodGroupsHelper.sortMethods() took 0 ms.
2025-10-29 12:26:52 [main] INFO  Utils - [Utils] MethodGroupsHelper.collectMethodsByGroup() took 0 ms.
2025-10-29 12:26:52 [main] INFO  Utils - [Utils] MethodGroupsHelper.sortMethods() took 0 ms.
2025-10-29 12:26:52 [main] INFO  Utils - [Utils] MethodGroupsHelper.collectMethodsByGroup() took 0 ms.
2025-10-29 12:26:52 [main] INFO  Utils - [Utils] MethodGroupsHelper.sortMethods() took 0 ms.
2025-10-29 12:26:52 [main] INFO  Utils - [TestNG] Running:
  C:\Users\sriva\AppData\Local\Temp\testng-eclipse--1156577915\testng-customsuite.xml

2025-10-29 12:26:52 [main] INFO  Utils - [Utils] DynamicGraphHelper.createDynamicGraph() took 4 ms.
2025-10-29 12:29:21 [main] INFO  Utils - [TestNG] Time taken by org.testng.reporters.jq.Main@24fabd0f: 74 ms
2025-10-29 12:29:21 [main] INFO  Utils - [TestNG] Time taken by org.testng.reporters.FailedReporter@56303475: 10 ms
2025-10-29 12:29:21 [main] INFO  Utils - [TestNG] Time taken by org.testng.reporters.XMLReporter@14fc5d40: 22 ms
2025-10-29 12:29:21 [main] INFO  Utils - [TestNG] Time taken by org.testng.reporters.EmailableReporter2@3be4f71: 7 ms
2025-10-29 12:29:21 [main] INFO  Utils - [TestNG] Time taken by org.testng.reporters.JUnitReportReporter@17814b1c: 7 ms
2025-10-29 12:29:21 [main] INFO  Utils - [TestNG] Time taken by org.testng.internal.ExitCodeListener@7ac9af2a: 1 ms
2025-10-29 12:30:43 [main] INFO  Utils - [Utils] MethodGroupsHelper.collectMethodsByGroup() took 0 ms.
2025-10-29 12:30:43 [main] INFO  Utils - [Utils] MethodGroupsHelper.sortMethods() took 1 ms.
2025-10-29 12:30:43 [main] INFO  Utils - [Utils] MethodGroupsHelper.collectMethodsByGroup() took 0 ms.
2025-10-29 12:30:43 [main] INFO  Utils - [Utils] MethodGroupsHelper.sortMethods() took 0 ms.
2025-10-29 12:30:43 [main] INFO  Utils - [Utils] MethodGroupsHelper.collectMethodsByGroup() took 0 ms.
2025-10-29 12:30:43 [main] INFO  Utils - [Utils] MethodGroupsHelper.sortMethods() took 0 ms.
2025-10-29 12:30:43 [main] INFO  Utils - [Utils] MethodGroupsHelper.collectMethodsByGroup() took 0 ms.
2025-10-29 12:30:43 [main] INFO  Utils - [Utils] MethodGroupsHelper.sortMethods() took 0 ms.
2025-10-29 12:30:43 [main] INFO  Utils - [Utils] MethodGroupsHelper.collectMethodsByGroup() took 5 ms.
2025-10-29 12:30:43 [main] INFO  Utils - [Utils] MethodGroupsHelper.sortMethods() took 9 ms.
2025-10-29 12:30:43 [main] INFO  Utils - [Utils] MethodGroupsHelper.collectMethodsByGroup() took 0 ms.
2025-10-29 12:30:43 [main] INFO  Utils - [Utils] MethodGroupsHelper.sortMethods() took 0 ms.
2025-10-29 12:30:43 [main] INFO  Utils - [Utils] MethodGroupsHelper.collectMethodsByGroup() took 0 ms.
2025-10-29 12:30:43 [main] INFO  Utils - [Utils] MethodGroupsHelper.sortMethods() took 0 ms.
2025-10-29 12:30:43 [main] INFO  Utils - [Utils] MethodGroupsHelper.collectMethodsByGroup() took 0 ms.
2025-10-29 12:30:43 [main] INFO  Utils - [Utils] MethodGroupsHelper.sortMethods() took 0 ms.
2025-10-29 12:30:43 [main] INFO  Utils - [Utils] MethodGroupsHelper.collectMethodsByGroup() took 0 ms.
2025-10-29 12:30:43 [main] INFO  Utils - [Utils] MethodGroupsHelper.sortMethods() took 0 ms.
2025-10-29 12:30:43 [main] INFO  Utils - [Utils] MethodGroupsHelper.collectMethodsByGroup() took 0 ms.
2025-10-29 12:30:43 [main] INFO  Utils - [Utils] MethodGroupsHelper.sortMethods() took 0 ms.
2025-10-29 12:30:43 [main] INFO  Utils - [Utils] MethodGroupsHelper.collectMethodsByGroup() took 0 ms.
2025-10-29 12:30:43 [main] INFO  Utils - [Utils] MethodGroupsHelper.sortMethods() took 0 ms.
2025-10-29 12:30:43 [main] INFO  Utils - [Utils] MethodGroupsHelper.collectMethodsByGroup() took 0 ms.
2025-10-29 12:30:43 [main] INFO  Utils - [Utils] MethodGroupsHelper.sortMethods() took 0 ms.
2025-10-29 12:30:43 [main] INFO  Utils - [Utils] MethodGroupsHelper.collectMethodsByGroup() took 0 ms.
2025-10-29 12:30:43 [main] INFO  Utils - [Utils] MethodGroupsHelper.sortMethods() took 0 ms.
2025-10-29 12:30:43 [main] INFO  Utils - [Utils] MethodGroupsHelper.collectMethodsByGroup() took 0 ms.
2025-10-29 12:30:43 [main] INFO  Utils - [Utils] MethodGroupsHelper.sortMethods() took 0 ms.
2025-10-29 12:30:43 [main] INFO  Utils - [Utils] MethodGroupsHelper.collectMethodsByGroup() took 0 ms.
2025-10-29 12:30:43 [main] INFO  Utils - [Utils] MethodGroupsHelper.sortMethods() took 0 ms.
2025-10-29 12:30:43 [main] INFO  Utils - [TestNG] Running:
  C:\Users\sriva\AppData\Local\Temp\testng-eclipse--1314219339\testng-customsuite.xml

2025-10-29 12:30:43 [main] INFO  Utils - [Utils] DynamicGraphHelper.createDynamicGraph() took 3 ms.
2025-10-29 12:33:03 [main] INFO  Utils - [TestNG] Time taken by org.testng.reporters.jq.Main@1dbb650b: 60 ms
2025-10-29 12:33:03 [main] INFO  Utils - [TestNG] Time taken by org.testng.reporters.FailedReporter@656d10a4: 0 ms
2025-10-29 12:33:03 [main] INFO  Utils - [TestNG] Time taken by org.testng.reporters.XMLReporter@73ab3aac: 6 ms
2025-10-29 12:33:03 [main] INFO  Utils - [TestNG] Time taken by org.testng.reporters.EmailableReporter2@55f8669d: 6 ms
2025-10-29 12:33:03 [main] INFO  Utils - [TestNG] Time taken by org.testng.reporters.JUnitReportReporter@15fdd1f2: 7 ms
2025-10-29 12:33:03 [main] INFO  Utils - [TestNG] Time taken by org.testng.internal.ExitCodeListener@cb0f763: 0 ms
2025-10-29 12:35:06 [main] INFO  Utils - [Utils] MethodGroupsHelper.collectMethodsByGroup() took 0 ms.
2025-10-29 12:35:06 [main] INFO  Utils - [Utils] MethodGroupsHelper.sortMethods() took 0 ms.
2025-10-29 12:35:06 [main] INFO  Utils - [Utils] MethodGroupsHelper.collectMethodsByGroup() took 0 ms.
2025-10-29 12:35:06 [main] INFO  Utils - [Utils] MethodGroupsHelper.sortMethods() took 0 ms.
2025-10-29 12:35:06 [main] INFO  Utils - [Utils] MethodGroupsHelper.collectMethodsByGroup() took 0 ms.
2025-10-29 12:35:06 [main] INFO  Utils - [Utils] MethodGroupsHelper.sortMethods() took 0 ms.
2025-10-29 12:35:06 [main] INFO  Utils - [Utils] MethodGroupsHelper.collectMethodsByGroup() took 0 ms.
2025-10-29 12:35:06 [main] INFO  Utils - [Utils] MethodGroupsHelper.sortMethods() took 0 ms.
2025-10-29 12:35:06 [main] INFO  Utils - [Utils] MethodGroupsHelper.collectMethodsByGroup() took 4 ms.
2025-10-29 12:35:06 [main] INFO  Utils - [Utils] MethodGroupsHelper.sortMethods() took 8 ms.
2025-10-29 12:35:06 [main] INFO  Utils - [Utils] MethodGroupsHelper.collectMethodsByGroup() took 0 ms.
2025-10-29 12:35:06 [main] INFO  Utils - [Utils] MethodGroupsHelper.sortMethods() took 0 ms.
2025-10-29 12:35:06 [main] INFO  Utils - [Utils] MethodGroupsHelper.collectMethodsByGroup() took 0 ms.
2025-10-29 12:35:06 [main] INFO  Utils - [Utils] MethodGroupsHelper.sortMethods() took 0 ms.
2025-10-29 12:35:06 [main] INFO  Utils - [Utils] MethodGroupsHelper.collectMethodsByGroup() took 0 ms.
2025-10-29 12:35:06 [main] INFO  Utils - [Utils] MethodGroupsHelper.sortMethods() took 0 ms.
2025-10-29 12:35:06 [main] INFO  Utils - [Utils] MethodGroupsHelper.collectMethodsByGroup() took 0 ms.
2025-10-29 12:35:06 [main] INFO  Utils - [Utils] MethodGroupsHelper.sortMethods() took 0 ms.
2025-10-29 12:35:06 [main] INFO  Utils - [Utils] MethodGroupsHelper.collectMethodsByGroup() took 0 ms.
2025-10-29 12:35:06 [main] INFO  Utils - [Utils] MethodGroupsHelper.sortMethods() took 0 ms.
2025-10-29 12:35:06 [main] INFO  Utils - [Utils] MethodGroupsHelper.collectMethodsByGroup() took 0 ms.
2025-10-29 12:35:06 [main] INFO  Utils - [Utils] MethodGroupsHelper.sortMethods() took 0 ms.
2025-10-29 12:35:06 [main] INFO  Utils - [Utils] MethodGroupsHelper.collectMethodsByGroup() took 0 ms.
2025-10-29 12:35:06 [main] INFO  Utils - [Utils] MethodGroupsHelper.sortMethods() took 0 ms.
2025-10-29 12:35:06 [main] INFO  Utils - [Utils] MethodGroupsHelper.collectMethodsByGroup() took 0 ms.
2025-10-29 12:35:06 [main] INFO  Utils - [Utils] MethodGroupsHelper.sortMethods() took 0 ms.
2025-10-29 12:35:06 [main] INFO  Utils - [Utils] MethodGroupsHelper.collectMethodsByGroup() took 0 ms.
2025-10-29 12:35:06 [main] INFO  Utils - [Utils] MethodGroupsHelper.sortMethods() took 0 ms.
2025-10-29 12:35:06 [main] INFO  Utils - [Utils] MethodGroupsHelper.collectMethodsByGroup() took 0 ms.
2025-10-29 12:35:06 [main] INFO  Utils - [Utils] MethodGroupsHelper.sortMethods() took 0 ms.
2025-10-29 12:35:06 [main] INFO  Utils - [TestNG] Running:
  C:\Users\sriva\AppData\Local\Temp\testng-eclipse-950395718\testng-customsuite.xml

2025-10-29 12:35:06 [main] INFO  Utils - [Utils] DynamicGraphHelper.createDynamicGraph() took 3 ms.
2025-10-29 12:36:53 [main] INFO  Utils - [TestNG] Time taken by org.testng.reporters.jq.Main@1dbb650b: 60 ms
2025-10-29 12:36:53 [main] INFO  Utils - [TestNG] Time taken by org.testng.reporters.FailedReporter@656d10a4: 1 ms
2025-10-29 12:36:53 [main] INFO  Utils - [TestNG] Time taken by org.testng.reporters.XMLReporter@73ab3aac: 7 ms
2025-10-29 12:36:53 [main] INFO  Utils - [TestNG] Time taken by org.testng.reporters.EmailableReporter2@55f8669d: 9 ms
2025-10-29 12:36:53 [main] INFO  Utils - [TestNG] Time taken by org.testng.reporters.JUnitReportReporter@15fdd1f2: 7 ms
2025-10-29 12:36:53 [main] INFO  Utils - [TestNG] Time taken by org.testng.internal.ExitCodeListener@cb0f763: 0 ms
2025-10-29 12:37:35 [main] INFO  Utils - [Utils] MethodGroupsHelper.collectMethodsByGroup() took 0 ms.
2025-10-29 12:37:35 [main] INFO  Utils - [Utils] MethodGroupsHelper.sortMethods() took 1 ms.
2025-10-29 12:37:35 [main] INFO  Utils - [Utils] MethodGroupsHelper.collectMethodsByGroup() took 0 ms.
2025-10-29 12:37:35 [main] INFO  Utils - [Utils] MethodGroupsHelper.sortMethods() took 0 ms.
2025-10-29 12:37:35 [main] INFO  Utils - [Utils] MethodGroupsHelper.collectMethodsByGroup() took 0 ms.
2025-10-29 12:37:35 [main] INFO  Utils - [Utils] MethodGroupsHelper.sortMethods() took 0 ms.
2025-10-29 12:37:35 [main] INFO  Utils - [Utils] MethodGroupsHelper.collectMethodsByGroup() took 0 ms.
2025-10-29 12:37:35 [main] INFO  Utils - [Utils] MethodGroupsHelper.sortMethods() took 0 ms.
2025-10-29 12:37:35 [main] INFO  Utils - [Utils] MethodGroupsHelper.collectMethodsByGroup() took 4 ms.
2025-10-29 12:37:35 [main] INFO  Utils - [Utils] MethodGroupsHelper.sortMethods() took 7 ms.
2025-10-29 12:37:35 [main] INFO  Utils - [Utils] MethodGroupsHelper.collectMethodsByGroup() took 0 ms.
2025-10-29 12:37:35 [main] INFO  Utils - [Utils] MethodGroupsHelper.sortMethods() took 0 ms.
2025-10-29 12:37:35 [main] INFO  Utils - [Utils] MethodGroupsHelper.collectMethodsByGroup() took 0 ms.
2025-10-29 12:37:35 [main] INFO  Utils - [Utils] MethodGroupsHelper.sortMethods() took 0 ms.
2025-10-29 12:37:35 [main] INFO  Utils - [Utils] MethodGroupsHelper.collectMethodsByGroup() took 0 ms.
2025-10-29 12:37:35 [main] INFO  Utils - [Utils] MethodGroupsHelper.sortMethods() took 0 ms.
2025-10-29 12:37:35 [main] INFO  Utils - [Utils] MethodGroupsHelper.collectMethodsByGroup() took 0 ms.
2025-10-29 12:37:35 [main] INFO  Utils - [Utils] MethodGroupsHelper.sortMethods() took 0 ms.
2025-10-29 12:37:35 [main] INFO  Utils - [Utils] MethodGroupsHelper.collectMethodsByGroup() took 0 ms.
2025-10-29 12:37:35 [main] INFO  Utils - [Utils] MethodGroupsHelper.sortMethods() took 0 ms.
2025-10-29 12:37:35 [main] INFO  Utils - [Utils] MethodGroupsHelper.collectMethodsByGroup() took 0 ms.
2025-10-29 12:37:35 [main] INFO  Utils - [Utils] MethodGroupsHelper.sortMethods() took 0 ms.
2025-10-29 12:37:35 [main] INFO  Utils - [Utils] MethodGroupsHelper.collectMethodsByGroup() took 0 ms.
2025-10-29 12:37:35 [main] INFO  Utils - [Utils] MethodGroupsHelper.sortMethods() took 0 ms.
2025-10-29 12:37:35 [main] INFO  Utils - [Utils] MethodGroupsHelper.collectMethodsByGroup() took 0 ms.
2025-10-29 12:37:35 [main] INFO  Utils - [Utils] MethodGroupsHelper.sortMethods() took 0 ms.
2025-10-29 12:37:35 [main] INFO  Utils - [Utils] MethodGroupsHelper.collectMethodsByGroup() took 0 ms.
2025-10-29 12:37:35 [main] INFO  Utils - [Utils] MethodGroupsHelper.sortMethods() took 0 ms.
2025-10-29 12:37:35 [main] INFO  Utils - [Utils] MethodGroupsHelper.collectMethodsByGroup() took 0 ms.
2025-10-29 12:37:35 [main] INFO  Utils - [Utils] MethodGroupsHelper.sortMethods() took 0 ms.
2025-10-29 12:37:35 [main] INFO  Utils - [TestNG] Running:
  C:\Users\sriva\AppData\Local\Temp\testng-eclipse-1797275664\testng-customsuite.xml

2025-10-29 12:37:35 [main] INFO  Utils - [Utils] DynamicGraphHelper.createDynamicGraph() took 4 ms.
2025-10-29 12:38:16 [main] INFO  Utils - [TestNG] Time taken by org.testng.reporters.jq.Main@7ec58feb: 57 ms
2025-10-29 12:38:16 [main] INFO  Utils - [TestNG] Time taken by org.testng.reporters.FailedReporter@1dbb650b: 0 ms
2025-10-29 12:38:16 [main] INFO  Utils - [TestNG] Time taken by org.testng.reporters.XMLReporter@2788d0fe: 9 ms
2025-10-29 12:38:16 [main] INFO  Utils - [TestNG] Time taken by org.testng.reporters.EmailableReporter2@769a58e5: 5 ms
2025-10-29 12:38:16 [main] INFO  Utils - [TestNG] Time taken by org.testng.reporters.JUnitReportReporter@646811d6: 5 ms
2025-10-29 12:38:16 [main] INFO  Utils - [TestNG] Time taken by org.testng.internal.ExitCodeListener@15fdd1f2: 0 ms
2025-10-29 12:39:09 [main] INFO  Utils - [Utils] MethodGroupsHelper.collectMethodsByGroup() took 0 ms.
2025-10-29 12:39:09 [main] INFO  Utils - [Utils] MethodGroupsHelper.sortMethods() took 2 ms.
2025-10-29 12:39:09 [main] INFO  Utils - [Utils] MethodGroupsHelper.collectMethodsByGroup() took 0 ms.
2025-10-29 12:39:09 [main] INFO  Utils - [Utils] MethodGroupsHelper.sortMethods() took 0 ms.
2025-10-29 12:39:09 [main] INFO  Utils - [Utils] MethodGroupsHelper.collectMethodsByGroup() took 0 ms.
2025-10-29 12:39:09 [main] INFO  Utils - [Utils] MethodGroupsHelper.sortMethods() took 0 ms.
2025-10-29 12:39:09 [main] INFO  Utils - [Utils] MethodGroupsHelper.collectMethodsByGroup() took 0 ms.
2025-10-29 12:39:09 [main] INFO  Utils - [Utils] MethodGroupsHelper.sortMethods() took 0 ms.
2025-10-29 12:39:09 [main] INFO  Utils - [Utils] MethodGroupsHelper.collectMethodsByGroup() took 0 ms.
2025-10-29 12:39:09 [main] INFO  Utils - [Utils] MethodGroupsHelper.sortMethods() took 0 ms.
2025-10-29 12:39:09 [main] INFO  Utils - [TestNG] Running:
  C:\Users\sriva\AppData\Local\Temp\testng-eclipse--79624704\testng-customsuite.xml

2025-10-29 12:39:09 [main] INFO  Utils - [Utils] DynamicGraphHelper.createDynamicGraph() took 5 ms.
2025-10-29 12:39:09 [main] INFO  Utils - [TestNG] Time taken by org.testng.reporters.jq.Main@4d9ac0b4: 67 ms
2025-10-29 12:39:09 [main] INFO  Utils - [TestNG] Time taken by org.testng.reporters.FailedReporter@130dca52: 1 ms
2025-10-29 12:39:09 [main] INFO  Utils - [TestNG] Time taken by org.testng.reporters.XMLReporter@7203c7ff: 18 ms
2025-10-29 12:39:09 [main] INFO  Utils - [TestNG] Time taken by org.testng.reporters.EmailableReporter2@6179e425: 8 ms
2025-10-29 12:39:09 [main] INFO  Utils - [TestNG] Time taken by org.testng.reporters.JUnitReportReporter@35f26e72: 0 ms
2025-10-29 12:39:09 [main] INFO  Utils - [TestNG] Time taken by org.testng.internal.ExitCodeListener@2d6764b2: 0 ms
2025-10-29 12:39:19 [main] INFO  Utils - [Utils] MethodGroupsHelper.collectMethodsByGroup() took 0 ms.
2025-10-29 12:39:19 [main] INFO  Utils - [Utils] MethodGroupsHelper.sortMethods() took 2 ms.
2025-10-29 12:39:19 [main] INFO  Utils - [Utils] MethodGroupsHelper.collectMethodsByGroup() took 0 ms.
2025-10-29 12:39:19 [main] INFO  Utils - [Utils] MethodGroupsHelper.sortMethods() took 0 ms.
2025-10-29 12:39:19 [main] INFO  Utils - [Utils] MethodGroupsHelper.collectMethodsByGroup() took 0 ms.
2025-10-29 12:39:19 [main] INFO  Utils - [Utils] MethodGroupsHelper.sortMethods() took 0 ms.
2025-10-29 12:39:19 [main] INFO  Utils - [Utils] MethodGroupsHelper.collectMethodsByGroup() took 0 ms.
2025-10-29 12:39:19 [main] INFO  Utils - [Utils] MethodGroupsHelper.sortMethods() took 0 ms.
2025-10-29 12:39:19 [main] INFO  Utils - [Utils] MethodGroupsHelper.collectMethodsByGroup() took 4 ms.
2025-10-29 12:39:19 [main] INFO  Utils - [Utils] MethodGroupsHelper.sortMethods() took 7 ms.
2025-10-29 12:39:19 [main] INFO  Utils - [Utils] MethodGroupsHelper.collectMethodsByGroup() took 0 ms.
2025-10-29 12:39:19 [main] INFO  Utils - [Utils] MethodGroupsHelper.sortMethods() took 0 ms.
2025-10-29 12:39:19 [main] INFO  Utils - [Utils] MethodGroupsHelper.collectMethodsByGroup() took 0 ms.
2025-10-29 12:39:19 [main] INFO  Utils - [Utils] MethodGroupsHelper.sortMethods() took 0 ms.
2025-10-29 12:39:19 [main] INFO  Utils - [Utils] MethodGroupsHelper.collectMethodsByGroup() took 0 ms.
2025-10-29 12:39:19 [main] INFO  Utils - [Utils] MethodGroupsHelper.sortMethods() took 0 ms.
2025-10-29 12:39:19 [main] INFO  Utils - [Utils] MethodGroupsHelper.collectMethodsByGroup() took 0 ms.
2025-10-29 12:39:19 [main] INFO  Utils - [Utils] MethodGroupsHelper.sortMethods() took 0 ms.
2025-10-29 12:39:19 [main] INFO  Utils - [Utils] MethodGroupsHelper.collectMethodsByGroup() took 0 ms.
2025-10-29 12:39:19 [main] INFO  Utils - [Utils] MethodGroupsHelper.sortMethods() took 0 ms.
2025-10-29 12:39:19 [main] INFO  Utils - [Utils] MethodGroupsHelper.collectMethodsByGroup() took 0 ms.
2025-10-29 12:39:19 [main] INFO  Utils - [Utils] MethodGroupsHelper.sortMethods() took 0 ms.
2025-10-29 12:39:19 [main] INFO  Utils - [Utils] MethodGroupsHelper.collectMethodsByGroup() took 0 ms.
2025-10-29 12:39:19 [main] INFO  Utils - [Utils] MethodGroupsHelper.sortMethods() took 0 ms.
2025-10-29 12:39:19 [main] INFO  Utils - [Utils] MethodGroupsHelper.collectMethodsByGroup() took 1 ms.
2025-10-29 12:39:19 [main] INFO  Utils - [Utils] MethodGroupsHelper.sortMethods() took 1 ms.
2025-10-29 12:39:19 [main] INFO  Utils - [Utils] MethodGroupsHelper.collectMethodsByGroup() took 0 ms.
2025-10-29 12:39:19 [main] INFO  Utils - [Utils] MethodGroupsHelper.sortMethods() took 0 ms.
2025-10-29 12:39:19 [main] INFO  Utils - [Utils] MethodGroupsHelper.collectMethodsByGroup() took 0 ms.
2025-10-29 12:39:19 [main] INFO  Utils - [Utils] MethodGroupsHelper.sortMethods() took 0 ms.
2025-10-29 12:39:19 [main] INFO  Utils - [TestNG] Running:
  C:\Users\sriva\AppData\Local\Temp\testng-eclipse-1971871755\testng-customsuite.xml

2025-10-29 12:39:19 [main] INFO  Utils - [Utils] DynamicGraphHelper.createDynamicGraph() took 4 ms.
2025-10-29 12:40:18 [main] INFO  Utils - [TestNG] Time taken by org.testng.reporters.jq.Main@7e7f0f0a: 81 ms
2025-10-29 12:40:18 [main] INFO  Utils - [TestNG] Time taken by org.testng.reporters.FailedReporter@7ec58feb: 0 ms
2025-10-29 12:40:18 [main] INFO  Utils - [TestNG] Time taken by org.testng.reporters.XMLReporter@5bdd5689: 12 ms
2025-10-29 12:40:18 [main] INFO  Utils - [TestNG] Time taken by org.testng.reporters.EmailableReporter2@3f92c349: 6 ms
2025-10-29 12:40:18 [main] INFO  Utils - [TestNG] Time taken by org.testng.reporters.JUnitReportReporter@511505e7: 7 ms
2025-10-29 12:40:18 [main] INFO  Utils - [TestNG] Time taken by org.testng.internal.ExitCodeListener@646811d6: 0 ms
2025-10-29 12:42:24 [main] INFO  Utils - [Utils] MethodGroupsHelper.collectMethodsByGroup() took 0 ms.
2025-10-29 12:42:24 [main] INFO  Utils - [Utils] MethodGroupsHelper.sortMethods() took 2 ms.
2025-10-29 12:42:24 [main] INFO  Utils - [Utils] MethodGroupsHelper.collectMethodsByGroup() took 0 ms.
2025-10-29 12:42:24 [main] INFO  Utils - [Utils] MethodGroupsHelper.sortMethods() took 0 ms.
2025-10-29 12:42:24 [main] INFO  Utils - [Utils] MethodGroupsHelper.collectMethodsByGroup() took 0 ms.
2025-10-29 12:42:24 [main] INFO  Utils - [Utils] MethodGroupsHelper.sortMethods() took 0 ms.
2025-10-29 12:42:24 [main] INFO  Utils - [Utils] MethodGroupsHelper.collectMethodsByGroup() took 0 ms.
2025-10-29 12:42:24 [main] INFO  Utils - [Utils] MethodGroupsHelper.sortMethods() took 0 ms.
2025-10-29 12:42:24 [main] INFO  Utils - [Utils] MethodGroupsHelper.collectMethodsByGroup() took 4 ms.
2025-10-29 12:42:24 [main] INFO  Utils - [Utils] MethodGroupsHelper.sortMethods() took 7 ms.
2025-10-29 12:42:24 [main] INFO  Utils - [Utils] MethodGroupsHelper.collectMethodsByGroup() took 0 ms.
2025-10-29 12:42:24 [main] INFO  Utils - [Utils] MethodGroupsHelper.sortMethods() took 0 ms.
2025-10-29 12:42:24 [main] INFO  Utils - [Utils] MethodGroupsHelper.collectMethodsByGroup() took 0 ms.
2025-10-29 12:42:24 [main] INFO  Utils - [Utils] MethodGroupsHelper.sortMethods() took 0 ms.
2025-10-29 12:42:24 [main] INFO  Utils - [Utils] MethodGroupsHelper.collectMethodsByGroup() took 0 ms.
2025-10-29 12:42:24 [main] INFO  Utils - [Utils] MethodGroupsHelper.sortMethods() took 0 ms.
2025-10-29 12:42:24 [main] INFO  Utils - [Utils] MethodGroupsHelper.collectMethodsByGroup() took 0 ms.
2025-10-29 12:42:24 [main] INFO  Utils - [Utils] MethodGroupsHelper.sortMethods() took 0 ms.
2025-10-29 12:42:24 [main] INFO  Utils - [Utils] MethodGroupsHelper.collectMethodsByGroup() took 0 ms.
2025-10-29 12:42:24 [main] INFO  Utils - [Utils] MethodGroupsHelper.sortMethods() took 0 ms.
2025-10-29 12:42:24 [main] INFO  Utils - [Utils] MethodGroupsHelper.collectMethodsByGroup() took 0 ms.
2025-10-29 12:42:24 [main] INFO  Utils - [Utils] MethodGroupsHelper.sortMethods() took 0 ms.
2025-10-29 12:42:24 [main] INFO  Utils - [Utils] MethodGroupsHelper.collectMethodsByGroup() took 0 ms.
2025-10-29 12:42:24 [main] INFO  Utils - [Utils] MethodGroupsHelper.sortMethods() took 0 ms.
2025-10-29 12:42:24 [main] INFO  Utils - [Utils] MethodGroupsHelper.collectMethodsByGroup() took 0 ms.
2025-10-29 12:42:24 [main] INFO  Utils - [Utils] MethodGroupsHelper.sortMethods() took 0 ms.
2025-10-29 12:42:24 [main] INFO  Utils - [Utils] MethodGroupsHelper.collectMethodsByGroup() took 0 ms.
2025-10-29 12:42:24 [main] INFO  Utils - [Utils] MethodGroupsHelper.sortMethods() took 0 ms.
2025-10-29 12:42:24 [main] INFO  Utils - [Utils] MethodGroupsHelper.collectMethodsByGroup() took 0 ms.
2025-10-29 12:42:24 [main] INFO  Utils - [Utils] MethodGroupsHelper.sortMethods() took 0 ms.
2025-10-29 12:42:24 [main] INFO  Utils - [TestNG] Running:
  C:\Users\sriva\AppData\Local\Temp\testng-eclipse-1765755258\testng-customsuite.xml

2025-10-29 12:42:24 [main] INFO  Utils - [Utils] DynamicGraphHelper.createDynamicGraph() took 4 ms.
2025-10-29 12:43:02 [main] INFO  Utils - [TestNG] Time taken by org.testng.reporters.jq.Main@5f13be1: 57 ms
2025-10-29 12:43:02 [main] INFO  Utils - [TestNG] Time taken by org.testng.reporters.FailedReporter@5f303ecd: 0 ms
2025-10-29 12:43:02 [main] INFO  Utils - [TestNG] Time taken by org.testng.reporters.XMLReporter@26f96b85: 7 ms
2025-10-29 12:43:02 [main] INFO  Utils - [TestNG] Time taken by org.testng.reporters.EmailableReporter2@63ec445c: 5 ms
2025-10-29 12:43:02 [main] INFO  Utils - [TestNG] Time taken by org.testng.reporters.JUnitReportReporter@6a9d5dff: 4 ms
2025-10-29 12:43:02 [main] INFO  Utils - [TestNG] Time taken by org.testng.internal.ExitCodeListener@3b08f438: 0 ms
2025-10-29 12:57:18 [main] INFO  Utils - [Utils] MethodGroupsHelper.collectMethodsByGroup() took 0 ms.
2025-10-29 12:57:18 [main] INFO  Utils - [Utils] MethodGroupsHelper.sortMethods() took 1 ms.
2025-10-29 12:57:18 [main] INFO  Utils - [Utils] MethodGroupsHelper.collectMethodsByGroup() took 0 ms.
2025-10-29 12:57:18 [main] INFO  Utils - [Utils] MethodGroupsHelper.sortMethods() took 0 ms.
2025-10-29 12:57:18 [main] INFO  Utils - [Utils] MethodGroupsHelper.collectMethodsByGroup() took 0 ms.
2025-10-29 12:57:18 [main] INFO  Utils - [Utils] MethodGroupsHelper.sortMethods() took 0 ms.
2025-10-29 12:57:18 [main] INFO  Utils - [Utils] MethodGroupsHelper.collectMethodsByGroup() took 0 ms.
2025-10-29 12:57:18 [main] INFO  Utils - [Utils] MethodGroupsHelper.sortMethods() took 0 ms.
2025-10-29 12:57:18 [main] INFO  Utils - [Utils] MethodGroupsHelper.collectMethodsByGroup() took 3 ms.
2025-10-29 12:57:18 [main] INFO  Utils - [Utils] MethodGroupsHelper.sortMethods() took 7 ms.
2025-10-29 12:57:18 [main] INFO  Utils - [Utils] MethodGroupsHelper.collectMethodsByGroup() took 0 ms.
2025-10-29 12:57:18 [main] INFO  Utils - [Utils] MethodGroupsHelper.sortMethods() took 0 ms.
2025-10-29 12:57:18 [main] INFO  Utils - [Utils] MethodGroupsHelper.collectMethodsByGroup() took 0 ms.
2025-10-29 12:57:18 [main] INFO  Utils - [Utils] MethodGroupsHelper.sortMethods() took 0 ms.
2025-10-29 12:57:18 [main] INFO  Utils - [Utils] MethodGroupsHelper.collectMethodsByGroup() took 0 ms.
2025-10-29 12:57:18 [main] INFO  Utils - [Utils] MethodGroupsHelper.sortMethods() took 0 ms.
2025-10-29 12:57:18 [main] INFO  Utils - [Utils] MethodGroupsHelper.collectMethodsByGroup() took 0 ms.
2025-10-29 12:57:18 [main] INFO  Utils - [Utils] MethodGroupsHelper.sortMethods() took 0 ms.
2025-10-29 12:57:18 [main] INFO  Utils - [Utils] MethodGroupsHelper.collectMethodsByGroup() took 0 ms.
2025-10-29 12:57:18 [main] INFO  Utils - [Utils] MethodGroupsHelper.sortMethods() took 0 ms.
2025-10-29 12:57:18 [main] INFO  Utils - [Utils] MethodGroupsHelper.collectMethodsByGroup() took 0 ms.
2025-10-29 12:57:18 [main] INFO  Utils - [Utils] MethodGroupsHelper.sortMethods() took 0 ms.
2025-10-29 12:57:18 [main] INFO  Utils - [Utils] MethodGroupsHelper.collectMethodsByGroup() took 0 ms.
2025-10-29 12:57:18 [main] INFO  Utils - [Utils] MethodGroupsHelper.sortMethods() took 0 ms.
2025-10-29 12:57:18 [main] INFO  Utils - [Utils] MethodGroupsHelper.collectMethodsByGroup() took 0 ms.
2025-10-29 12:57:18 [main] INFO  Utils - [Utils] MethodGroupsHelper.sortMethods() took 0 ms.
2025-10-29 12:57:18 [main] INFO  Utils - [Utils] MethodGroupsHelper.collectMethodsByGroup() took 0 ms.
2025-10-29 12:57:18 [main] INFO  Utils - [Utils] MethodGroupsHelper.sortMethods() took 0 ms.
2025-10-29 12:57:18 [main] INFO  Utils - [Utils] MethodGroupsHelper.collectMethodsByGroup() took 0 ms.
2025-10-29 12:57:18 [main] INFO  Utils - [Utils] MethodGroupsHelper.sortMethods() took 0 ms.
2025-10-29 12:57:18 [main] INFO  Utils - [TestNG] Running:
  C:\Users\sriva\AppData\Local\Temp\testng-eclipse-290094918\testng-customsuite.xml

2025-10-29 12:57:18 [main] INFO  Utils - [Utils] DynamicGraphHelper.createDynamicGraph() took 3 ms.
2025-10-29 12:57:46 [main] INFO  Utils - [TestNG] Time taken by org.testng.reporters.jq.Main@12f8b1d8: 58 ms
2025-10-29 12:57:46 [main] INFO  Utils - [TestNG] Time taken by org.testng.reporters.FailedReporter@746cd757: 0 ms
2025-10-29 12:57:46 [main] INFO  Utils - [TestNG] Time taken by org.testng.reporters.XMLReporter@3e7dfd44: 6 ms
2025-10-29 12:57:46 [main] INFO  Utils - [TestNG] Time taken by org.testng.reporters.EmailableReporter2@5bb7643d: 5 ms
2025-10-29 12:57:46 [main] INFO  Utils - [TestNG] Time taken by org.testng.reporters.JUnitReportReporter@562457e1: 4 ms
2025-10-29 12:57:46 [main] INFO  Utils - [TestNG] Time taken by org.testng.internal.ExitCodeListener@54562ea6: 0 ms
2025-10-29 13:02:26 [main] INFO  Utils - [Utils] MethodGroupsHelper.collectMethodsByGroup() took 0 ms.
2025-10-29 13:02:26 [main] INFO  Utils - [Utils] MethodGroupsHelper.sortMethods() took 2 ms.
2025-10-29 13:02:26 [main] INFO  Utils - [Utils] MethodGroupsHelper.collectMethodsByGroup() took 0 ms.
2025-10-29 13:02:26 [main] INFO  Utils - [Utils] MethodGroupsHelper.sortMethods() took 0 ms.
2025-10-29 13:02:26 [main] INFO  Utils - [Utils] MethodGroupsHelper.collectMethodsByGroup() took 0 ms.
2025-10-29 13:02:26 [main] INFO  Utils - [Utils] MethodGroupsHelper.sortMethods() took 0 ms.
2025-10-29 13:02:26 [main] INFO  Utils - [Utils] MethodGroupsHelper.collectMethodsByGroup() took 0 ms.
2025-10-29 13:02:26 [main] INFO  Utils - [Utils] MethodGroupsHelper.sortMethods() took 0 ms.
2025-10-29 13:02:26 [main] INFO  Utils - [Utils] MethodGroupsHelper.collectMethodsByGroup() took 4 ms.
2025-10-29 13:02:26 [main] INFO  Utils - [Utils] MethodGroupsHelper.sortMethods() took 8 ms.
2025-10-29 13:02:26 [main] INFO  Utils - [Utils] MethodGroupsHelper.collectMethodsByGroup() took 0 ms.
2025-10-29 13:02:26 [main] INFO  Utils - [Utils] MethodGroupsHelper.sortMethods() took 0 ms.
2025-10-29 13:02:26 [main] INFO  Utils - [Utils] MethodGroupsHelper.collectMethodsByGroup() took 0 ms.
2025-10-29 13:02:26 [main] INFO  Utils - [Utils] MethodGroupsHelper.sortMethods() took 0 ms.
2025-10-29 13:02:26 [main] INFO  Utils - [Utils] MethodGroupsHelper.collectMethodsByGroup() took 0 ms.
2025-10-29 13:02:26 [main] INFO  Utils - [Utils] MethodGroupsHelper.sortMethods() took 0 ms.
2025-10-29 13:02:26 [main] INFO  Utils - [Utils] MethodGroupsHelper.collectMethodsByGroup() took 0 ms.
2025-10-29 13:02:26 [main] INFO  Utils - [Utils] MethodGroupsHelper.sortMethods() took 0 ms.
2025-10-29 13:02:26 [main] INFO  Utils - [Utils] MethodGroupsHelper.collectMethodsByGroup() took 0 ms.
2025-10-29 13:02:26 [main] INFO  Utils - [Utils] MethodGroupsHelper.sortMethods() took 0 ms.
2025-10-29 13:02:26 [main] INFO  Utils - [Utils] MethodGroupsHelper.collectMethodsByGroup() took 0 ms.
2025-10-29 13:02:26 [main] INFO  Utils - [Utils] MethodGroupsHelper.sortMethods() took 0 ms.
2025-10-29 13:02:26 [main] INFO  Utils - [Utils] MethodGroupsHelper.collectMethodsByGroup() took 0 ms.
2025-10-29 13:02:26 [main] INFO  Utils - [Utils] MethodGroupsHelper.sortMethods() took 0 ms.
2025-10-29 13:02:26 [main] INFO  Utils - [Utils] MethodGroupsHelper.collectMethodsByGroup() took 0 ms.
2025-10-29 13:02:26 [main] INFO  Utils - [Utils] MethodGroupsHelper.sortMethods() took 0 ms.
2025-10-29 13:02:26 [main] INFO  Utils - [Utils] MethodGroupsHelper.collectMethodsByGroup() took 0 ms.
2025-10-29 13:02:26 [main] INFO  Utils - [Utils] MethodGroupsHelper.sortMethods() took 0 ms.
2025-10-29 13:02:26 [main] INFO  Utils - [Utils] MethodGroupsHelper.collectMethodsByGroup() took 0 ms.
2025-10-29 13:02:26 [main] INFO  Utils - [Utils] MethodGroupsHelper.sortMethods() took 0 ms.
2025-10-29 13:02:26 [main] INFO  Utils - [TestNG] Running:
  C:\Users\sriva\AppData\Local\Temp\testng-eclipse-788946199\testng-customsuite.xml

2025-10-29 13:02:26 [main] INFO  Utils - [Utils] DynamicGraphHelper.createDynamicGraph() took 4 ms.
2025-10-29 13:02:57 [main] INFO  Utils - [TestNG] Time taken by org.testng.reporters.jq.Main@63718b93: 100 ms
2025-10-29 13:02:57 [main] INFO  Utils - [TestNG] Time taken by org.testng.reporters.FailedReporter@14e2e1c3: 1 ms
2025-10-29 13:02:57 [main] INFO  Utils - [TestNG] Time taken by org.testng.reporters.XMLReporter@6136998b: 5 ms
2025-10-29 13:02:57 [main] INFO  Utils - [TestNG] Time taken by org.testng.reporters.EmailableReporter2@621f89b8: 19 ms
2025-10-29 13:02:57 [main] INFO  Utils - [TestNG] Time taken by org.testng.reporters.JUnitReportReporter@3d43fe: 13 ms
2025-10-29 13:02:57 [main] INFO  Utils - [TestNG] Time taken by org.testng.internal.ExitCodeListener@74ad8d05: 0 ms
2025-10-29 13:03:55 [main] INFO  Utils - [Utils] MethodGroupsHelper.collectMethodsByGroup() took 0 ms.
2025-10-29 13:03:55 [main] INFO  Utils - [Utils] MethodGroupsHelper.sortMethods() took 1 ms.
2025-10-29 13:03:55 [main] INFO  Utils - [Utils] MethodGroupsHelper.collectMethodsByGroup() took 0 ms.
2025-10-29 13:03:55 [main] INFO  Utils - [Utils] MethodGroupsHelper.sortMethods() took 0 ms.
2025-10-29 13:03:55 [main] INFO  Utils - [Utils] MethodGroupsHelper.collectMethodsByGroup() took 0 ms.
2025-10-29 13:03:55 [main] INFO  Utils - [Utils] MethodGroupsHelper.sortMethods() took 0 ms.
2025-10-29 13:03:55 [main] INFO  Utils - [Utils] MethodGroupsHelper.collectMethodsByGroup() took 0 ms.
2025-10-29 13:03:55 [main] INFO  Utils - [Utils] MethodGroupsHelper.sortMethods() took 0 ms.
2025-10-29 13:03:55 [main] INFO  Utils - [Utils] MethodGroupsHelper.collectMethodsByGroup() took 5 ms.
2025-10-29 13:03:55 [main] INFO  Utils - [Utils] MethodGroupsHelper.sortMethods() took 7 ms.
2025-10-29 13:03:55 [main] INFO  Utils - [Utils] MethodGroupsHelper.collectMethodsByGroup() took 0 ms.
2025-10-29 13:03:55 [main] INFO  Utils - [Utils] MethodGroupsHelper.sortMethods() took 0 ms.
2025-10-29 13:03:55 [main] INFO  Utils - [Utils] MethodGroupsHelper.collectMethodsByGroup() took 0 ms.
2025-10-29 13:03:55 [main] INFO  Utils - [Utils] MethodGroupsHelper.sortMethods() took 0 ms.
2025-10-29 13:03:55 [main] INFO  Utils - [Utils] MethodGroupsHelper.collectMethodsByGroup() took 0 ms.
2025-10-29 13:03:55 [main] INFO  Utils - [Utils] MethodGroupsHelper.sortMethods() took 0 ms.
2025-10-29 13:03:55 [main] INFO  Utils - [Utils] MethodGroupsHelper.collectMethodsByGroup() took 0 ms.
2025-10-29 13:03:55 [main] INFO  Utils - [Utils] MethodGroupsHelper.sortMethods() took 0 ms.
2025-10-29 13:03:55 [main] INFO  Utils - [Utils] MethodGroupsHelper.collectMethodsByGroup() took 0 ms.
2025-10-29 13:03:55 [main] INFO  Utils - [Utils] MethodGroupsHelper.sortMethods() took 0 ms.
2025-10-29 13:03:55 [main] INFO  Utils - [Utils] MethodGroupsHelper.collectMethodsByGroup() took 0 ms.
2025-10-29 13:03:55 [main] INFO  Utils - [Utils] MethodGroupsHelper.sortMethods() took 0 ms.
2025-10-29 13:03:55 [main] INFO  Utils - [Utils] MethodGroupsHelper.collectMethodsByGroup() took 0 ms.
2025-10-29 13:03:55 [main] INFO  Utils - [Utils] MethodGroupsHelper.sortMethods() took 0 ms.
2025-10-29 13:03:55 [main] INFO  Utils - [Utils] MethodGroupsHelper.collectMethodsByGroup() took 2 ms.
2025-10-29 13:03:55 [main] INFO  Utils - [Utils] MethodGroupsHelper.sortMethods() took 0 ms.
2025-10-29 13:03:55 [main] INFO  Utils - [Utils] MethodGroupsHelper.collectMethodsByGroup() took 0 ms.
2025-10-29 13:03:55 [main] INFO  Utils - [Utils] MethodGroupsHelper.sortMethods() took 0 ms.
2025-10-29 13:03:55 [main] INFO  Utils - [Utils] MethodGroupsHelper.collectMethodsByGroup() took 0 ms.
2025-10-29 13:03:55 [main] INFO  Utils - [Utils] MethodGroupsHelper.sortMethods() took 0 ms.
2025-10-29 13:03:55 [main] INFO  Utils - [TestNG] Running:
  C:\Users\sriva\AppData\Local\Temp\testng-eclipse--887649945\testng-customsuite.xml

2025-10-29 13:03:55 [main] INFO  Utils - [Utils] DynamicGraphHelper.createDynamicGraph() took 3 ms.
2025-10-29 13:04:14 [main] INFO  Utils - [TestNG] Time taken by org.testng.reporters.jq.Main@20095ab4: 85 ms
2025-10-29 13:04:14 [main] INFO  Utils - [TestNG] Time taken by org.testng.reporters.FailedReporter@232cce0: 11 ms
2025-10-29 13:04:14 [main] INFO  Utils - [TestNG] Time taken by org.testng.reporters.XMLReporter@7cab1508: 9 ms
2025-10-29 13:04:14 [main] INFO  Utils - [TestNG] Time taken by org.testng.reporters.EmailableReporter2@17271176: 10 ms
2025-10-29 13:04:14 [main] INFO  Utils - [TestNG] Time taken by org.testng.reporters.JUnitReportReporter@6fc3e1a4: 10 ms
2025-10-29 13:04:14 [main] INFO  Utils - [TestNG] Time taken by org.testng.internal.ExitCodeListener@3fa76c61: 0 ms
2025-10-29 13:05:04 [main] INFO  Utils - [Utils] MethodGroupsHelper.collectMethodsByGroup() took 0 ms.
2025-10-29 13:05:04 [main] INFO  Utils - [Utils] MethodGroupsHelper.sortMethods() took 1 ms.
2025-10-29 13:05:04 [main] INFO  Utils - [Utils] MethodGroupsHelper.collectMethodsByGroup() took 0 ms.
2025-10-29 13:05:04 [main] INFO  Utils - [Utils] MethodGroupsHelper.sortMethods() took 0 ms.
2025-10-29 13:05:04 [main] INFO  Utils - [Utils] MethodGroupsHelper.collectMethodsByGroup() took 0 ms.
2025-10-29 13:05:04 [main] INFO  Utils - [Utils] MethodGroupsHelper.sortMethods() took 0 ms.
2025-10-29 13:05:04 [main] INFO  Utils - [Utils] MethodGroupsHelper.collectMethodsByGroup() took 0 ms.
2025-10-29 13:05:04 [main] INFO  Utils - [Utils] MethodGroupsHelper.sortMethods() took 0 ms.
2025-10-29 13:05:04 [main] INFO  Utils - [Utils] MethodGroupsHelper.collectMethodsByGroup() took 5 ms.
2025-10-29 13:05:04 [main] INFO  Utils - [Utils] MethodGroupsHelper.sortMethods() took 8 ms.
2025-10-29 13:05:04 [main] INFO  Utils - [Utils] MethodGroupsHelper.collectMethodsByGroup() took 0 ms.
2025-10-29 13:05:04 [main] INFO  Utils - [Utils] MethodGroupsHelper.sortMethods() took 0 ms.
2025-10-29 13:05:04 [main] INFO  Utils - [Utils] MethodGroupsHelper.collectMethodsByGroup() took 0 ms.
2025-10-29 13:05:04 [main] INFO  Utils - [Utils] MethodGroupsHelper.sortMethods() took 0 ms.
2025-10-29 13:05:04 [main] INFO  Utils - [Utils] MethodGroupsHelper.collectMethodsByGroup() took 0 ms.
2025-10-29 13:05:04 [main] INFO  Utils - [Utils] MethodGroupsHelper.sortMethods() took 0 ms.
2025-10-29 13:05:04 [main] INFO  Utils - [Utils] MethodGroupsHelper.collectMethodsByGroup() took 0 ms.
2025-10-29 13:05:04 [main] INFO  Utils - [Utils] MethodGroupsHelper.sortMethods() took 0 ms.
2025-10-29 13:05:04 [main] INFO  Utils - [Utils] MethodGroupsHelper.collectMethodsByGroup() took 0 ms.
2025-10-29 13:05:04 [main] INFO  Utils - [Utils] MethodGroupsHelper.sortMethods() took 0 ms.
2025-10-29 13:05:04 [main] INFO  Utils - [Utils] MethodGroupsHelper.collectMethodsByGroup() took 0 ms.
2025-10-29 13:05:04 [main] INFO  Utils - [Utils] MethodGroupsHelper.sortMethods() took 0 ms.
2025-10-29 13:05:04 [main] INFO  Utils - [Utils] MethodGroupsHelper.collectMethodsByGroup() took 0 ms.
2025-10-29 13:05:04 [main] INFO  Utils - [Utils] MethodGroupsHelper.sortMethods() took 0 ms.
2025-10-29 13:05:04 [main] INFO  Utils - [Utils] MethodGroupsHelper.collectMethodsByGroup() took 0 ms.
2025-10-29 13:05:04 [main] INFO  Utils - [Utils] MethodGroupsHelper.sortMethods() took 0 ms.
2025-10-29 13:05:04 [main] INFO  Utils - [Utils] MethodGroupsHelper.collectMethodsByGroup() took 0 ms.
2025-10-29 13:05:04 [main] INFO  Utils - [Utils] MethodGroupsHelper.sortMethods() took 0 ms.
2025-10-29 13:05:04 [main] INFO  Utils - [Utils] MethodGroupsHelper.collectMethodsByGroup() took 0 ms.
2025-10-29 13:05:04 [main] INFO  Utils - [Utils] MethodGroupsHelper.sortMethods() took 0 ms.
2025-10-29 13:05:04 [main] INFO  Utils - [TestNG] Running:
  C:\Users\sriva\AppData\Local\Temp\testng-eclipse-1454590801\testng-customsuite.xml

2025-10-29 13:05:04 [main] INFO  Utils - [Utils] DynamicGraphHelper.createDynamicGraph() took 3 ms.
2025-10-29 13:05:36 [main] INFO  Utils - [TestNG] Time taken by org.testng.reporters.jq.Main@63718b93: 90 ms
2025-10-29 13:05:36 [main] INFO  Utils - [TestNG] Time taken by org.testng.reporters.FailedReporter@14e2e1c3: 0 ms
2025-10-29 13:05:36 [main] INFO  Utils - [TestNG] Time taken by org.testng.reporters.XMLReporter@6136998b: 23 ms
2025-10-29 13:05:36 [main] INFO  Utils - [TestNG] Time taken by org.testng.reporters.EmailableReporter2@621f89b8: 6 ms
2025-10-29 13:05:36 [main] INFO  Utils - [TestNG] Time taken by org.testng.reporters.JUnitReportReporter@3d43fe: 5 ms
2025-10-29 13:05:36 [main] INFO  Utils - [TestNG] Time taken by org.testng.internal.ExitCodeListener@74ad8d05: 0 ms
2025-10-29 13:08:45 [main] INFO  Utils - [Utils] MethodGroupsHelper.collectMethodsByGroup() took 0 ms.
2025-10-29 13:08:45 [main] INFO  Utils - [Utils] MethodGroupsHelper.sortMethods() took 1 ms.
2025-10-29 13:08:45 [main] INFO  Utils - [Utils] MethodGroupsHelper.collectMethodsByGroup() took 0 ms.
2025-10-29 13:08:45 [main] INFO  Utils - [Utils] MethodGroupsHelper.sortMethods() took 0 ms.
2025-10-29 13:08:45 [main] INFO  Utils - [Utils] MethodGroupsHelper.collectMethodsByGroup() took 0 ms.
2025-10-29 13:08:45 [main] INFO  Utils - [Utils] MethodGroupsHelper.sortMethods() took 0 ms.
2025-10-29 13:08:45 [main] INFO  Utils - [Utils] MethodGroupsHelper.collectMethodsByGroup() took 0 ms.
2025-10-29 13:08:45 [main] INFO  Utils - [Utils] MethodGroupsHelper.sortMethods() took 0 ms.
2025-10-29 13:08:45 [main] INFO  Utils - [Utils] MethodGroupsHelper.collectMethodsByGroup() took 5 ms.
2025-10-29 13:08:45 [main] INFO  Utils - [Utils] MethodGroupsHelper.sortMethods() took 8 ms.
2025-10-29 13:08:45 [main] INFO  Utils - [Utils] MethodGroupsHelper.collectMethodsByGroup() took 0 ms.
2025-10-29 13:08:45 [main] INFO  Utils - [Utils] MethodGroupsHelper.sortMethods() took 0 ms.
2025-10-29 13:08:45 [main] INFO  Utils - [Utils] MethodGroupsHelper.collectMethodsByGroup() took 0 ms.
2025-10-29 13:08:45 [main] INFO  Utils - [Utils] MethodGroupsHelper.sortMethods() took 0 ms.
2025-10-29 13:08:45 [main] INFO  Utils - [Utils] MethodGroupsHelper.collectMethodsByGroup() took 0 ms.
2025-10-29 13:08:45 [main] INFO  Utils - [Utils] MethodGroupsHelper.sortMethods() took 0 ms.
2025-10-29 13:08:45 [main] INFO  Utils - [Utils] MethodGroupsHelper.collectMethodsByGroup() took 0 ms.
2025-10-29 13:08:45 [main] INFO  Utils - [Utils] MethodGroupsHelper.sortMethods() took 0 ms.
2025-10-29 13:08:45 [main] INFO  Utils - [Utils] MethodGroupsHelper.collectMethodsByGroup() took 0 ms.
2025-10-29 13:08:45 [main] INFO  Utils - [Utils] MethodGroupsHelper.sortMethods() took 0 ms.
2025-10-29 13:08:45 [main] INFO  Utils - [Utils] MethodGroupsHelper.collectMethodsByGroup() took 0 ms.
2025-10-29 13:08:45 [main] INFO  Utils - [Utils] MethodGroupsHelper.sortMethods() took 0 ms.
2025-10-29 13:08:45 [main] INFO  Utils - [Utils] MethodGroupsHelper.collectMethodsByGroup() took 0 ms.
2025-10-29 13:08:45 [main] INFO  Utils - [Utils] MethodGroupsHelper.sortMethods() took 0 ms.
2025-10-29 13:08:45 [main] INFO  Utils - [Utils] MethodGroupsHelper.collectMethodsByGroup() took 1 ms.
2025-10-29 13:08:45 [main] INFO  Utils - [Utils] MethodGroupsHelper.sortMethods() took 0 ms.
2025-10-29 13:08:45 [main] INFO  Utils - [Utils] MethodGroupsHelper.collectMethodsByGroup() took 0 ms.
2025-10-29 13:08:45 [main] INFO  Utils - [Utils] MethodGroupsHelper.sortMethods() took 0 ms.
2025-10-29 13:08:45 [main] INFO  Utils - [Utils] MethodGroupsHelper.collectMethodsByGroup() took 0 ms.
2025-10-29 13:08:45 [main] INFO  Utils - [Utils] MethodGroupsHelper.sortMethods() took 0 ms.
2025-10-29 13:08:45 [main] INFO  Utils - [TestNG] Running:
  C:\Users\sriva\AppData\Local\Temp\testng-eclipse--820674633\testng-customsuite.xml

2025-10-29 13:08:45 [main] INFO  Utils - [Utils] DynamicGraphHelper.createDynamicGraph() took 3 ms.
2025-10-29 13:10:02 [main] INFO  Utils - [TestNG] Time taken by org.testng.reporters.jq.Main@63718b93: 91 ms
2025-10-29 13:10:02 [main] INFO  Utils - [TestNG] Time taken by org.testng.reporters.FailedReporter@14e2e1c3: 0 ms
2025-10-29 13:10:02 [main] INFO  Utils - [TestNG] Time taken by org.testng.reporters.XMLReporter@6136998b: 5 ms
2025-10-29 13:10:02 [main] INFO  Utils - [TestNG] Time taken by org.testng.reporters.EmailableReporter2@621f89b8: 5 ms
2025-10-29 13:10:02 [main] INFO  Utils - [TestNG] Time taken by org.testng.reporters.JUnitReportReporter@3d43fe: 5 ms
2025-10-29 13:10:02 [main] INFO  Utils - [TestNG] Time taken by org.testng.internal.ExitCodeListener@74ad8d05: 0 ms
2025-10-29 13:22:54 [main] INFO  Utils - [Utils] MethodGroupsHelper.collectMethodsByGroup() took 0 ms.
2025-10-29 13:22:54 [main] INFO  Utils - [Utils] MethodGroupsHelper.sortMethods() took 0 ms.
2025-10-29 13:22:54 [main] INFO  Utils - [Utils] MethodGroupsHelper.collectMethodsByGroup() took 0 ms.
2025-10-29 13:22:54 [main] INFO  Utils - [Utils] MethodGroupsHelper.sortMethods() took 0 ms.
2025-10-29 13:22:54 [main] INFO  Utils - [Utils] MethodGroupsHelper.collectMethodsByGroup() took 0 ms.
2025-10-29 13:22:54 [main] INFO  Utils - [Utils] MethodGroupsHelper.sortMethods() took 0 ms.
2025-10-29 13:22:54 [main] INFO  Utils - [Utils] MethodGroupsHelper.collectMethodsByGroup() took 0 ms.
2025-10-29 13:22:54 [main] INFO  Utils - [Utils] MethodGroupsHelper.sortMethods() took 0 ms.
2025-10-29 13:22:54 [main] INFO  Utils - [Utils] MethodGroupsHelper.collectMethodsByGroup() took 5 ms.
2025-10-29 13:22:54 [main] INFO  Utils - [Utils] MethodGroupsHelper.sortMethods() took 8 ms.
2025-10-29 13:22:54 [main] INFO  Utils - [Utils] MethodGroupsHelper.collectMethodsByGroup() took 0 ms.
2025-10-29 13:22:54 [main] INFO  Utils - [Utils] MethodGroupsHelper.sortMethods() took 0 ms.
2025-10-29 13:22:54 [main] INFO  Utils - [Utils] MethodGroupsHelper.collectMethodsByGroup() took 0 ms.
2025-10-29 13:22:54 [main] INFO  Utils - [Utils] MethodGroupsHelper.sortMethods() took 0 ms.
2025-10-29 13:22:54 [main] INFO  Utils - [Utils] MethodGroupsHelper.collectMethodsByGroup() took 0 ms.
2025-10-29 13:22:54 [main] INFO  Utils - [Utils] MethodGroupsHelper.sortMethods() took 0 ms.
2025-10-29 13:22:54 [main] INFO  Utils - [Utils] MethodGroupsHelper.collectMethodsByGroup() took 0 ms.
2025-10-29 13:22:54 [main] INFO  Utils - [Utils] MethodGroupsHelper.sortMethods() took 0 ms.
2025-10-29 13:22:54 [main] INFO  Utils - [Utils] MethodGroupsHelper.collectMethodsByGroup() took 0 ms.
2025-10-29 13:22:54 [main] INFO  Utils - [Utils] MethodGroupsHelper.sortMethods() took 0 ms.
2025-10-29 13:22:54 [main] INFO  Utils - [Utils] MethodGroupsHelper.collectMethodsByGroup() took 0 ms.
2025-10-29 13:22:54 [main] INFO  Utils - [Utils] MethodGroupsHelper.sortMethods() took 0 ms.
2025-10-29 13:22:54 [main] INFO  Utils - [Utils] MethodGroupsHelper.collectMethodsByGroup() took 0 ms.
2025-10-29 13:22:54 [main] INFO  Utils - [Utils] MethodGroupsHelper.sortMethods() took 0 ms.
2025-10-29 13:22:54 [main] INFO  Utils - [Utils] MethodGroupsHelper.collectMethodsByGroup() took 1 ms.
2025-10-29 13:22:54 [main] INFO  Utils - [Utils] MethodGroupsHelper.sortMethods() took 0 ms.
2025-10-29 13:22:54 [main] INFO  Utils - [Utils] MethodGroupsHelper.collectMethodsByGroup() took 0 ms.
2025-10-29 13:22:54 [main] INFO  Utils - [Utils] MethodGroupsHelper.sortMethods() took 0 ms.
2025-10-29 13:22:54 [main] INFO  Utils - [Utils] MethodGroupsHelper.collectMethodsByGroup() took 0 ms.
2025-10-29 13:22:54 [main] INFO  Utils - [Utils] MethodGroupsHelper.sortMethods() took 0 ms.
2025-10-29 13:22:54 [main] INFO  Utils - [TestNG] Running:
  C:\Users\sriva\AppData\Local\Temp\testng-eclipse-1918327072\testng-customsuite.xml

2025-10-29 13:22:54 [main] INFO  Utils - [Utils] DynamicGraphHelper.createDynamicGraph() took 4 ms.
2025-10-29 13:23:18 [main] INFO  Utils - [TestNG] Time taken by org.testng.reporters.jq.Main@e344ad3: 65 ms
2025-10-29 13:23:18 [main] INFO  Utils - [TestNG] Time taken by org.testng.reporters.FailedReporter@de18f63: 0 ms
2025-10-29 13:23:18 [main] INFO  Utils - [TestNG] Time taken by org.testng.reporters.XMLReporter@58a4a74d: 8 ms
2025-10-29 13:23:18 [main] INFO  Utils - [TestNG] Time taken by org.testng.reporters.EmailableReporter2@6441c486: 5 ms
2025-10-29 13:23:18 [main] INFO  Utils - [TestNG] Time taken by org.testng.reporters.JUnitReportReporter@7c4fc2bf: 4 ms
2025-10-29 13:23:18 [main] INFO  Utils - [TestNG] Time taken by org.testng.internal.ExitCodeListener@7772054c: 0 ms
2025-10-29 13:24:12 [main] INFO  Utils - [Utils] MethodGroupsHelper.collectMethodsByGroup() took 0 ms.
2025-10-29 13:24:12 [main] INFO  Utils - [Utils] MethodGroupsHelper.sortMethods() took 0 ms.
2025-10-29 13:24:12 [main] INFO  Utils - [Utils] MethodGroupsHelper.collectMethodsByGroup() took 0 ms.
2025-10-29 13:24:12 [main] INFO  Utils - [Utils] MethodGroupsHelper.sortMethods() took 0 ms.
2025-10-29 13:24:12 [main] INFO  Utils - [Utils] MethodGroupsHelper.collectMethodsByGroup() took 0 ms.
2025-10-29 13:24:12 [main] INFO  Utils - [Utils] MethodGroupsHelper.sortMethods() took 0 ms.
2025-10-29 13:24:12 [main] INFO  Utils - [Utils] MethodGroupsHelper.collectMethodsByGroup() took 0 ms.
2025-10-29 13:24:12 [main] INFO  Utils - [Utils] MethodGroupsHelper.sortMethods() took 0 ms.
2025-10-29 13:24:12 [main] INFO  Utils - [Utils] MethodGroupsHelper.collectMethodsByGroup() took 3 ms.
2025-10-29 13:24:12 [main] INFO  Utils - [Utils] MethodGroupsHelper.sortMethods() took 7 ms.
2025-10-29 13:24:12 [main] INFO  Utils - [Utils] MethodGroupsHelper.collectMethodsByGroup() took 0 ms.
2025-10-29 13:24:12 [main] INFO  Utils - [Utils] MethodGroupsHelper.sortMethods() took 0 ms.
2025-10-29 13:24:12 [main] INFO  Utils - [Utils] MethodGroupsHelper.collectMethodsByGroup() took 0 ms.
2025-10-29 13:24:12 [main] INFO  Utils - [Utils] MethodGroupsHelper.sortMethods() took 0 ms.
2025-10-29 13:24:12 [main] INFO  Utils - [Utils] MethodGroupsHelper.collectMethodsByGroup() took 0 ms.
2025-10-29 13:24:12 [main] INFO  Utils - [Utils] MethodGroupsHelper.sortMethods() took 0 ms.
2025-10-29 13:24:12 [main] INFO  Utils - [Utils] MethodGroupsHelper.collectMethodsByGroup() took 0 ms.
2025-10-29 13:24:12 [main] INFO  Utils - [Utils] MethodGroupsHelper.sortMethods() took 0 ms.
2025-10-29 13:24:12 [main] INFO  Utils - [Utils] MethodGroupsHelper.collectMethodsByGroup() took 0 ms.
2025-10-29 13:24:12 [main] INFO  Utils - [Utils] MethodGroupsHelper.sortMethods() took 0 ms.
2025-10-29 13:24:12 [main] INFO  Utils - [Utils] MethodGroupsHelper.collectMethodsByGroup() took 0 ms.
2025-10-29 13:24:12 [main] INFO  Utils - [Utils] MethodGroupsHelper.sortMethods() took 0 ms.
2025-10-29 13:24:12 [main] INFO  Utils - [Utils] MethodGroupsHelper.collectMethodsByGroup() took 0 ms.
2025-10-29 13:24:12 [main] INFO  Utils - [Utils] MethodGroupsHelper.sortMethods() took 0 ms.
2025-10-29 13:24:12 [main] INFO  Utils - [Utils] MethodGroupsHelper.collectMethodsByGroup() took 0 ms.
2025-10-29 13:24:12 [main] INFO  Utils - [Utils] MethodGroupsHelper.sortMethods() took 0 ms.
2025-10-29 13:24:12 [main] INFO  Utils - [Utils] MethodGroupsHelper.collectMethodsByGroup() took 0 ms.
2025-10-29 13:24:12 [main] INFO  Utils - [Utils] MethodGroupsHelper.sortMethods() took 0 ms.
2025-10-29 13:24:12 [main] INFO  Utils - [Utils] MethodGroupsHelper.collectMethodsByGroup() took 0 ms.
2025-10-29 13:24:12 [main] INFO  Utils - [Utils] MethodGroupsHelper.sortMethods() took 0 ms.
2025-10-29 13:24:12 [main] INFO  Utils - [TestNG] Running:
  C:\Users\sriva\AppData\Local\Temp\testng-eclipse-2136418402\testng-customsuite.xml

2025-10-29 13:24:12 [main] INFO  Utils - [Utils] DynamicGraphHelper.createDynamicGraph() took 3 ms.
2025-10-29 13:24:35 [main] INFO  Utils - [TestNG] Time taken by org.testng.reporters.jq.Main@e344ad3: 51 ms
2025-10-29 13:24:35 [main] INFO  Utils - [TestNG] Time taken by org.testng.reporters.FailedReporter@de18f63: 1 ms
2025-10-29 13:24:35 [main] INFO  Utils - [TestNG] Time taken by org.testng.reporters.XMLReporter@58a4a74d: 6 ms
2025-10-29 13:24:35 [main] INFO  Utils - [TestNG] Time taken by org.testng.reporters.EmailableReporter2@6441c486: 7 ms
2025-10-29 13:24:35 [main] INFO  Utils - [TestNG] Time taken by org.testng.reporters.JUnitReportReporter@7c4fc2bf: 5 ms
2025-10-29 13:24:35 [main] INFO  Utils - [TestNG] Time taken by org.testng.internal.ExitCodeListener@7772054c: 0 ms
2025-10-29 13:25:54 [main] INFO  Utils - [Utils] MethodGroupsHelper.collectMethodsByGroup() took 1 ms.
2025-10-29 13:25:54 [main] INFO  Utils - [Utils] MethodGroupsHelper.sortMethods() took 2 ms.
2025-10-29 13:25:54 [main] INFO  Utils - [Utils] MethodGroupsHelper.collectMethodsByGroup() took 0 ms.
2025-10-29 13:25:54 [main] INFO  Utils - [Utils] MethodGroupsHelper.sortMethods() took 0 ms.
2025-10-29 13:25:54 [main] INFO  Utils - [Utils] MethodGroupsHelper.collectMethodsByGroup() took 0 ms.
2025-10-29 13:25:54 [main] INFO  Utils - [Utils] MethodGroupsHelper.sortMethods() took 0 ms.
2025-10-29 13:25:54 [main] INFO  Utils - [Utils] MethodGroupsHelper.collectMethodsByGroup() took 0 ms.
2025-10-29 13:25:54 [main] INFO  Utils - [Utils] MethodGroupsHelper.sortMethods() took 0 ms.
2025-10-29 13:25:54 [main] INFO  Utils - [Utils] MethodGroupsHelper.collectMethodsByGroup() took 4 ms.
2025-10-29 13:25:54 [main] INFO  Utils - [Utils] MethodGroupsHelper.sortMethods() took 6 ms.
2025-10-29 13:25:54 [main] INFO  Utils - [Utils] MethodGroupsHelper.collectMethodsByGroup() took 0 ms.
2025-10-29 13:25:54 [main] INFO  Utils - [Utils] MethodGroupsHelper.sortMethods() took 0 ms.
2025-10-29 13:25:54 [main] INFO  Utils - [Utils] MethodGroupsHelper.collectMethodsByGroup() took 0 ms.
2025-10-29 13:25:54 [main] INFO  Utils - [Utils] MethodGroupsHelper.sortMethods() took 0 ms.
2025-10-29 13:25:54 [main] INFO  Utils - [Utils] MethodGroupsHelper.collectMethodsByGroup() took 0 ms.
2025-10-29 13:25:54 [main] INFO  Utils - [Utils] MethodGroupsHelper.sortMethods() took 0 ms.
2025-10-29 13:25:54 [main] INFO  Utils - [Utils] MethodGroupsHelper.collectMethodsByGroup() took 0 ms.
2025-10-29 13:25:54 [main] INFO  Utils - [Utils] MethodGroupsHelper.sortMethods() took 0 ms.
2025-10-29 13:25:54 [main] INFO  Utils - [Utils] MethodGroupsHelper.collectMethodsByGroup() took 0 ms.
2025-10-29 13:25:54 [main] INFO  Utils - [Utils] MethodGroupsHelper.sortMethods() took 0 ms.
2025-10-29 13:25:54 [main] INFO  Utils - [Utils] MethodGroupsHelper.collectMethodsByGroup() took 0 ms.
2025-10-29 13:25:54 [main] INFO  Utils - [Utils] MethodGroupsHelper.sortMethods() took 0 ms.
2025-10-29 13:25:54 [main] INFO  Utils - [Utils] MethodGroupsHelper.collectMethodsByGroup() took 0 ms.
2025-10-29 13:25:54 [main] INFO  Utils - [Utils] MethodGroupsHelper.sortMethods() took 0 ms.
2025-10-29 13:25:54 [main] INFO  Utils - [Utils] MethodGroupsHelper.collectMethodsByGroup() took 0 ms.
2025-10-29 13:25:54 [main] INFO  Utils - [Utils] MethodGroupsHelper.sortMethods() took 0 ms.
2025-10-29 13:25:54 [main] INFO  Utils - [Utils] MethodGroupsHelper.collectMethodsByGroup() took 0 ms.
2025-10-29 13:25:54 [main] INFO  Utils - [Utils] MethodGroupsHelper.sortMethods() took 0 ms.
2025-10-29 13:25:54 [main] INFO  Utils - [Utils] MethodGroupsHelper.collectMethodsByGroup() took 0 ms.
2025-10-29 13:25:54 [main] INFO  Utils - [Utils] MethodGroupsHelper.sortMethods() took 0 ms.
2025-10-29 13:25:54 [main] INFO  Utils - [TestNG] Running:
  C:\Users\sriva\AppData\Local\Temp\testng-eclipse-912687037\testng-customsuite.xml

2025-10-29 13:25:54 [main] INFO  Utils - [Utils] DynamicGraphHelper.createDynamicGraph() took 4 ms.
2025-10-29 13:26:24 [main] INFO  jobTitle_TC - capture screenshot for test fail....
2025-10-29 13:26:24 [main] ERROR jobTitle_TC - Test Failed
2025-10-29 13:26:25 [main] INFO  Utils - [TestNG] Time taken by org.testng.reporters.jq.Main@3a627c80: 60 ms
2025-10-29 13:26:25 [main] INFO  Utils - [TestNG] Time taken by org.testng.reporters.FailedReporter@1cbb3d3b: 9 ms
2025-10-29 13:26:25 [main] INFO  Utils - [TestNG] Time taken by org.testng.reporters.XMLReporter@8c46918: 12 ms
2025-10-29 13:26:25 [main] INFO  Utils - [TestNG] Time taken by org.testng.reporters.EmailableReporter2@4a7761b1: 15 ms
2025-10-29 13:26:25 [main] INFO  Utils - [TestNG] Time taken by org.testng.reporters.JUnitReportReporter@293cde83: 9 ms
2025-10-29 13:26:25 [main] INFO  Utils - [TestNG] Time taken by org.testng.internal.ExitCodeListener@c27d163: 1 ms
2025-10-29 16:29:07 [main] INFO  Utils - [Utils] MethodGroupsHelper.collectMethodsByGroup() took 1 ms.
2025-10-29 16:29:07 [main] INFO  Utils - [Utils] MethodGroupsHelper.sortMethods() took 0 ms.
2025-10-29 16:29:07 [main] INFO  Utils - [Utils] MethodGroupsHelper.collectMethodsByGroup() took 0 ms.
2025-10-29 16:29:07 [main] INFO  Utils - [Utils] MethodGroupsHelper.sortMethods() took 0 ms.
2025-10-29 16:29:07 [main] INFO  Utils - [Utils] MethodGroupsHelper.collectMethodsByGroup() took 0 ms.
2025-10-29 16:29:07 [main] INFO  Utils - [Utils] MethodGroupsHelper.sortMethods() took 0 ms.
2025-10-29 16:29:07 [main] INFO  Utils - [Utils] MethodGroupsHelper.collectMethodsByGroup() took 0 ms.
2025-10-29 16:29:07 [main] INFO  Utils - [Utils] MethodGroupsHelper.sortMethods() took 0 ms.
2025-10-29 16:29:07 [main] INFO  Utils - [Utils] MethodGroupsHelper.collectMethodsByGroup() took 4 ms.
2025-10-29 16:29:07 [main] INFO  Utils - [Utils] MethodGroupsHelper.sortMethods() took 9 ms.
2025-10-29 16:29:07 [main] INFO  Utils - [Utils] MethodGroupsHelper.collectMethodsByGroup() took 0 ms.
2025-10-29 16:29:07 [main] INFO  Utils - [Utils] MethodGroupsHelper.sortMethods() took 0 ms.
2025-10-29 16:29:07 [main] INFO  Utils - [Utils] MethodGroupsHelper.collectMethodsByGroup() took 0 ms.
2025-10-29 16:29:07 [main] INFO  Utils - [Utils] MethodGroupsHelper.sortMethods() took 0 ms.
2025-10-29 16:29:07 [main] INFO  Utils - [Utils] MethodGroupsHelper.collectMethodsByGroup() took 0 ms.
2025-10-29 16:29:07 [main] INFO  Utils - [Utils] MethodGroupsHelper.sortMethods() took 0 ms.
2025-10-29 16:29:07 [main] INFO  Utils - [Utils] MethodGroupsHelper.collectMethodsByGroup() took 0 ms.
2025-10-29 16:29:07 [main] INFO  Utils - [Utils] MethodGroupsHelper.sortMethods() took 0 ms.
2025-10-29 16:29:07 [main] INFO  Utils - [Utils] MethodGroupsHelper.collectMethodsByGroup() took 0 ms.
2025-10-29 16:29:07 [main] INFO  Utils - [Utils] MethodGroupsHelper.sortMethods() took 0 ms.
2025-10-29 16:29:07 [main] INFO  Utils - [Utils] MethodGroupsHelper.collectMethodsByGroup() took 0 ms.
2025-10-29 16:29:07 [main] INFO  Utils - [Utils] MethodGroupsHelper.sortMethods() took 0 ms.
2025-10-29 16:29:07 [main] INFO  Utils - [Utils] MethodGroupsHelper.collectMethodsByGroup() took 0 ms.
2025-10-29 16:29:07 [main] INFO  Utils - [Utils] MethodGroupsHelper.sortMethods() took 0 ms.
2025-10-29 16:29:07 [main] INFO  Utils - [Utils] MethodGroupsHelper.collectMethodsByGroup() took 0 ms.
2025-10-29 16:29:07 [main] INFO  Utils - [Utils] MethodGroupsHelper.sortMethods() took 0 ms.
2025-10-29 16:29:07 [main] INFO  Utils - [Utils] MethodGroupsHelper.collectMethodsByGroup() took 0 ms.
2025-10-29 16:29:07 [main] INFO  Utils - [Utils] MethodGroupsHelper.sortMethods() took 0 ms.
2025-10-29 16:29:07 [main] INFO  Utils - [Utils] MethodGroupsHelper.collectMethodsByGroup() took 0 ms.
2025-10-29 16:29:07 [main] INFO  Utils - [Utils] MethodGroupsHelper.sortMethods() took 0 ms.
2025-10-29 16:29:07 [main] INFO  Utils - [TestNG] Running:
  C:\Users\sriva\AppData\Local\Temp\testng-eclipse-391546779\testng-customsuite.xml

2025-10-29 16:29:07 [main] INFO  Utils - [Utils] DynamicGraphHelper.createDynamicGraph() took 4 ms.
2025-10-29 16:29:39 [main] INFO  jobTitle_TC - capture screenshot for test fail....
2025-10-29 16:29:39 [main] ERROR jobTitle_TC - Test Failed
2025-10-29 16:29:40 [main] INFO  Utils - [TestNG] Time taken by org.testng.reporters.jq.Main@35088e87: 150 ms
2025-10-29 16:29:40 [main] INFO  Utils - [TestNG] Time taken by org.testng.reporters.FailedReporter@486bc9a4: 0 ms
2025-10-29 16:29:40 [main] INFO  Utils - [TestNG] Time taken by org.testng.reporters.XMLReporter@5b4d25e7: 7 ms
2025-10-29 16:29:40 [main] INFO  Utils - [TestNG] Time taken by org.testng.reporters.EmailableReporter2@cc239ba: 6 ms
2025-10-29 16:29:40 [main] INFO  Utils - [TestNG] Time taken by org.testng.reporters.JUnitReportReporter@66e8997c: 31 ms
2025-10-29 16:29:40 [main] INFO  Utils - [TestNG] Time taken by org.testng.internal.ExitCodeListener@6f0cb5a1: 0 ms
2025-11-03 11:48:45 [main] INFO  Utils - [TestNG] Running:
  C:\Users\sriva\git\repository\OrangeHRMS\HRMS.xml

2025-11-03 11:49:03 [main] INFO  Add_candidate - Create loginPage object Class and very company logo ......
2025-11-03 11:49:04 [main] INFO  Add_candidate - provide user name ........
2025-11-03 11:49:04 [main] INFO  Add_candidate - provide user password ........
2025-11-03 11:49:04 [main] INFO  Add_candidate - Click submit button for login !!!!!
2025-11-03 11:49:04 [main] INFO  Add_candidate - Waiting for 20 sec  to open dashboard bage after successfully login.....
2025-11-03 11:49:06 [main] INFO  Add_candidate - Call create candidate object class to access.......
2025-11-03 11:49:06 [main] INFO  Add_candidate - Move to recruitment menu after redirect to dashboard
2025-11-03 11:49:09 [main] INFO  Add_candidate - Open and verify candidate page
2025-11-03 11:49:10 [main] INFO  Add_candidate - input candidate detail in registration page ....
2025-11-03 11:49:10 [main] INFO  Add_candidate - capture screenshot for test fail....
2025-11-03 11:49:10 [main] ERROR Add_candidate - Test Failed
2025-11-03 11:53:45 [main] INFO  Utils - [TestNG] Running:
  C:\Users\sriva\git\repository\OrangeHRMS\HRMS.xml

2025-11-03 11:53:53 [main] INFO  Add_candidate - Create loginPage object Class and very company logo ......
2025-11-03 11:53:54 [main] INFO  Add_candidate - provide user name ........
2025-11-03 11:53:54 [main] INFO  Add_candidate - provide user password ........
2025-11-03 11:53:54 [main] INFO  Add_candidate - Click submit button for login !!!!!
2025-11-03 11:53:54 [main] INFO  Add_candidate - Waiting for 20 sec  to open dashboard bage after successfully login.....
2025-11-03 11:53:56 [main] INFO  Add_candidate - Call create candidate object class to access.......
2025-11-03 11:53:56 [main] INFO  Add_candidate - Move to recruitment menu after redirect to dashboard
2025-11-03 11:53:59 [main] INFO  Add_candidate - Open and verify candidate page
2025-11-03 11:53:59 [main] INFO  Add_candidate - input candidate detail in registration page ....
2025-11-03 11:54:00 [main] INFO  Add_candidate - capture screenshot for test fail....
2025-11-03 11:54:00 [main] ERROR Add_candidate - Test Failed
2025-11-03 11:55:22 [main] INFO  Utils - [TestNG] Running:
  C:\Users\sriva\git\repository\OrangeHRMS\HRMS.xml

2025-11-03 11:55:30 [main] INFO  Add_candidate - Create loginPage object Class and very company logo ......
2025-11-03 11:55:31 [main] INFO  Add_candidate - provide user name ........
2025-11-03 11:55:31 [main] INFO  Add_candidate - provide user password ........
2025-11-03 11:55:31 [main] INFO  Add_candidate - Click submit button for login !!!!!
2025-11-03 11:55:31 [main] INFO  Add_candidate - Waiting for 20 sec  to open dashboard bage after successfully login.....
2025-11-03 11:55:32 [main] INFO  Add_candidate - Call create candidate object class to access.......
2025-11-03 11:55:32 [main] INFO  Add_candidate - Move to recruitment menu after redirect to dashboard
2025-11-03 11:55:35 [main] INFO  Add_candidate - Open and verify candidate page
2025-11-03 11:55:36 [main] INFO  Add_candidate - input candidate detail in registration page ....
2025-11-03 11:55:37 [main] INFO  Add_candidate - capture screenshot for test fail....
2025-11-03 11:55:37 [main] ERROR Add_candidate - Test Failed
2025-11-03 11:57:57 [main] INFO  Utils - [TestNG] Running:
  C:\Users\sriva\git\repository\OrangeHRMS\HRMS.xml

2025-11-03 11:58:05 [main] INFO  Add_candidate - Create loginPage object Class and very company logo ......
2025-11-03 11:58:06 [main] INFO  Add_candidate - provide user name ........
2025-11-03 11:58:06 [main] INFO  Add_candidate - provide user password ........
2025-11-03 11:58:06 [main] INFO  Add_candidate - Click submit button for login !!!!!
2025-11-03 11:58:06 [main] INFO  Add_candidate - Waiting for 20 sec  to open dashboard bage after successfully login.....
2025-11-03 11:58:07 [main] INFO  Add_candidate - Call create candidate object class to access.......
2025-11-03 11:58:07 [main] INFO  Add_candidate - Move to recruitment menu after redirect to dashboard
2025-11-03 11:58:10 [main] INFO  Add_candidate - Open and verify candidate page
2025-11-03 11:58:11 [main] INFO  Add_candidate - input candidate detail in registration page ....
2025-11-03 11:58:12 [main] INFO  Add_candidate - capture screenshot for test fail....
2025-11-03 11:58:12 [main] ERROR Add_candidate - Test Failed
2025-11-03 12:04:36 [main] INFO  Utils - [TestNG] Running:
  C:\Users\sriva\git\repository\OrangeHRMS\HRMS.xml

2025-11-03 12:04:48 [main] INFO  Add_candidate - Create loginPage object Class and very company logo ......
2025-11-03 12:04:49 [main] INFO  Add_candidate - provide user name ........
2025-11-03 12:04:49 [main] INFO  Add_candidate - provide user password ........
2025-11-03 12:04:49 [main] INFO  Add_candidate - Click submit button for login !!!!!
2025-11-03 12:04:49 [main] INFO  Add_candidate - Waiting for 20 sec  to open dashboard bage after successfully login.....
2025-11-03 12:04:51 [main] INFO  Add_candidate - Call create candidate object class to access.......
2025-11-03 12:04:51 [main] INFO  Add_candidate - Move to recruitment menu after redirect to dashboard
2025-11-03 12:04:54 [main] INFO  Add_candidate - Open and verify candidate page
2025-11-03 12:04:54 [main] INFO  Add_candidate - input candidate detail in registration page ....
2025-11-03 12:05:03 [main] INFO  Add_candidate - capture screenshot for test fail....
2025-11-03 12:05:03 [main] ERROR Add_candidate - Test Failed
2025-11-03 12:11:47 [main] INFO  Utils - [TestNG] Running:
  C:\Users\sriva\git\repository\OrangeHRMS\HRMS_crossBrowser.xml

2025-11-03 12:12:06 [TestNG-tests-1] INFO  Add_candidate - Create loginPage object Class and very company logo ......
2025-11-03 12:12:06 [TestNG-tests-1] INFO  Add_candidate - provide user name ........
2025-11-03 12:12:06 [TestNG-tests-1] INFO  Add_candidate - provide user password ........
2025-11-03 12:12:06 [TestNG-tests-1] INFO  Add_candidate - Click submit button for login !!!!!
2025-11-03 12:12:06 [TestNG-tests-1] INFO  Add_candidate - Waiting for 20 sec  to open dashboard bage after successfully login.....
2025-11-03 12:12:07 [TestNG-tests-2] INFO  Add_candidate - Create loginPage object Class and very company logo ......
2025-11-03 12:12:07 [TestNG-tests-2] INFO  Add_candidate - provide user name ........
2025-11-03 12:12:08 [TestNG-tests-1] INFO  Add_candidate - Call create candidate object class to access.......
2025-11-03 12:12:08 [TestNG-tests-1] INFO  Add_candidate - Move to recruitment menu after redirect to dashboard
2025-11-03 12:12:09 [TestNG-tests-2] INFO  Add_candidate - provide user password ........
2025-11-03 12:12:09 [TestNG-tests-2] INFO  Add_candidate - Click submit button for login !!!!!
2025-11-03 12:12:09 [TestNG-tests-2] INFO  Add_candidate - Waiting for 20 sec  to open dashboard bage after successfully login.....
2025-11-03 12:12:11 [TestNG-tests-2] INFO  Add_candidate - Call create candidate object class to access.......
2025-11-03 12:12:11 [TestNG-tests-2] INFO  Add_candidate - Move to recruitment menu after redirect to dashboard
2025-11-03 12:12:12 [TestNG-tests-1] INFO  Add_candidate - Open and verify candidate page
2025-11-03 12:12:12 [TestNG-tests-1] INFO  Add_candidate - input candidate detail in registration page ....
2025-11-03 12:12:14 [TestNG-tests-2] INFO  Add_candidate - Open and verify candidate page
2025-11-03 12:12:15 [TestNG-tests-2] INFO  Add_candidate - input candidate detail in registration page ....
2025-11-03 12:12:21 [TestNG-tests-1] INFO  Add_candidate - capture screenshot for test fail....
2025-11-03 12:12:21 [TestNG-tests-1] ERROR Add_candidate - Test Failed
2025-11-03 12:12:24 [TestNG-tests-2] INFO  Add_candidate - capture screenshot for test fail....
2025-11-03 12:12:24 [TestNG-tests-2] ERROR Add_candidate - Test Failed
2025-11-03 12:25:59 [main] INFO  Utils - [TestNG] Running:
  C:\Users\sriva\git\repository\OrangeHRMS\HRMS_crossBrowser.xml

2025-11-03 12:26:10 [TestNG-tests-1] INFO  Add_candidate - Create loginPage object Class and very company logo ......
2025-11-03 12:26:10 [TestNG-tests-2] INFO  Add_candidate - Create loginPage object Class and very company logo ......
2025-11-03 12:26:10 [TestNG-tests-1] INFO  Add_candidate - provide user name ........
2025-11-03 12:26:10 [TestNG-tests-1] INFO  Add_candidate - provide user password ........
2025-11-03 12:26:11 [TestNG-tests-1] INFO  Add_candidate - Click submit button for login !!!!!
2025-11-03 12:26:11 [TestNG-tests-1] INFO  Add_candidate - Waiting for 20 sec  to open dashboard bage after successfully login.....
2025-11-03 12:26:11 [TestNG-tests-2] INFO  Add_candidate - provide user name ........
2025-11-03 12:26:11 [TestNG-tests-2] INFO  Add_candidate - provide user password ........
2025-11-03 12:26:11 [TestNG-tests-2] INFO  Add_candidate - Click submit button for login !!!!!
2025-11-03 12:26:11 [TestNG-tests-2] INFO  Add_candidate - Waiting for 20 sec  to open dashboard bage after successfully login.....
2025-11-03 12:26:12 [TestNG-tests-1] INFO  Add_candidate - Call create candidate object class to access.......
2025-11-03 12:26:12 [TestNG-tests-1] INFO  Add_candidate - Move to recruitment menu after redirect to dashboard
2025-11-03 12:26:13 [TestNG-tests-2] INFO  Add_candidate - Call create candidate object class to access.......
2025-11-03 12:26:13 [TestNG-tests-2] INFO  Add_candidate - Move to recruitment menu after redirect to dashboard
2025-11-03 12:26:17 [TestNG-tests-1] INFO  Add_candidate - Open and verify candidate page
2025-11-03 12:26:17 [TestNG-tests-1] INFO  Add_candidate - input candidate detail in registration page ....
2025-11-03 12:26:18 [TestNG-tests-2] INFO  Add_candidate - Open and verify candidate page
2025-11-03 12:26:19 [TestNG-tests-2] INFO  Add_candidate - input candidate detail in registration page ....
2025-11-03 12:26:26 [TestNG-tests-1] INFO  Add_candidate - capture screenshot for test fail....
2025-11-03 12:26:26 [TestNG-tests-1] ERROR Add_candidate - Test Failed
2025-11-03 12:26:27 [TestNG-tests-2] INFO  Add_candidate - capture screenshot for test fail....
2025-11-03 12:26:27 [TestNG-tests-2] ERROR Add_candidate - Test Failed
2025-11-03 12:33:29 [main] INFO  Utils - [TestNG] Running:
  C:\Users\sriva\git\repository\OrangeHRMS\HRMS_crossBrowser.xml

2025-11-03 12:33:42 [TestNG-tests-1] INFO  Add_candidate - Create loginPage object Class and very company logo ......
2025-11-03 12:33:42 [TestNG-tests-1] INFO  Add_candidate - provide user name ........
2025-11-03 12:33:42 [TestNG-tests-1] INFO  Add_candidate - provide user password ........
2025-11-03 12:33:42 [TestNG-tests-1] INFO  Add_candidate - Click submit button for login !!!!!
2025-11-03 12:33:42 [TestNG-tests-1] INFO  Add_candidate - Waiting for 20 sec  to open dashboard bage after successfully login.....
2025-11-03 12:33:45 [TestNG-tests-1] INFO  Add_candidate - Call create candidate object class to access.......
2025-11-03 12:33:45 [TestNG-tests-1] INFO  Add_candidate - Move to recruitment menu after redirect to dashboard
2025-11-03 12:33:59 [TestNG-tests-1] INFO  Add_candidate - Open and verify candidate page
2025-11-03 12:34:00 [TestNG-tests-1] INFO  Add_candidate - input candidate detail in registration page ....
2025-11-03 12:34:08 [TestNG-tests-1] INFO  Add_candidate - capture screenshot for test fail....
2025-11-03 12:34:08 [TestNG-tests-1] ERROR Add_candidate - Test Failed
2025-11-03 12:36:28 [main] INFO  Utils - [TestNG] Running:
  C:\Users\sriva\git\repository\OrangeHRMS\HRMS_crossBrowser.xml

2025-11-03 12:36:44 [TestNG-tests-1] INFO  Add_candidate - Create loginPage object Class and very company logo ......
2025-11-03 12:36:45 [TestNG-tests-1] INFO  Add_candidate - provide user name ........
2025-11-03 12:36:45 [TestNG-tests-1] INFO  Add_candidate - provide user password ........
2025-11-03 12:36:45 [TestNG-tests-1] INFO  Add_candidate - Click submit button for login !!!!!
2025-11-03 12:36:45 [TestNG-tests-1] INFO  Add_candidate - Waiting for 20 sec  to open dashboard bage after successfully login.....
2025-11-03 12:36:47 [TestNG-tests-1] INFO  Add_candidate - Call create candidate object class to access.......
2025-11-03 12:36:47 [TestNG-tests-1] INFO  Add_candidate - Move to recruitment menu after redirect to dashboard
2025-11-03 12:36:50 [TestNG-tests-1] INFO  Add_candidate - Open and verify candidate page
2025-11-03 12:36:50 [TestNG-tests-1] INFO  Add_candidate - input candidate detail in registration page ....
2025-11-03 12:36:59 [TestNG-tests-1] INFO  Add_candidate - capture screenshot for test fail....
2025-11-03 12:36:59 [TestNG-tests-1] ERROR Add_candidate - Test Failed
2025-11-03 12:39:42 [main] INFO  Utils - [TestNG] Running:
  C:\Users\sriva\git\repository\OrangeHRMS\HRMS_crossBrowser.xml

2025-11-03 12:45:10 [main] INFO  Utils - [TestNG] Running:
  C:\Users\sriva\git\repository\OrangeHRMS\HRMS_crossBrowser.xml

2025-11-03 12:49:22 [main] INFO  Utils - [TestNG] Running:
  C:\Users\sriva\git\repository\OrangeHRMS\HRMS_crossBrowser.xml

2025-11-03 12:50:16 [main] INFO  Utils - [TestNG] Running:
  C:\Users\sriva\git\repository\OrangeHRMS\HRMS_crossBrowser.xml

2025-11-03 12:50:54 [TestNG-tests-1] INFO  Add_candidate - Create loginPage object Class and very company logo ......
2025-11-03 12:51:02 [TestNG-tests-1] INFO  Add_candidate - provide user name ........
2025-11-03 12:51:06 [TestNG-tests-1] INFO  Add_candidate - provide user password ........
2025-11-03 12:51:07 [TestNG-tests-1] INFO  Add_candidate - Click submit button for login !!!!!
2025-11-03 12:51:10 [TestNG-tests-1] INFO  Add_candidate - Waiting for 20 sec  to open dashboard bage after successfully login.....
2025-11-03 12:51:10 [TestNG-tests-1] INFO  Add_candidate - Call create candidate object class to access.......
2025-11-03 12:51:10 [TestNG-tests-1] INFO  Add_candidate - Move to recruitment menu after redirect to dashboard
2025-11-03 12:51:18 [TestNG-tests-1] INFO  Add_candidate - Open and verify candidate page
2025-11-03 12:51:19 [TestNG-tests-1] INFO  Add_candidate - capture screenshot for test fail....
2025-11-03 12:51:19 [TestNG-tests-1] ERROR Add_candidate - Test Failed
2025-11-03 12:52:14 [main] INFO  Utils - [TestNG] Running:
  C:\Users\sriva\git\repository\OrangeHRMS\HRMS_crossBrowser.xml

2025-11-03 12:52:39 [TestNG-tests-1] INFO  Add_candidate - Create loginPage object Class and very company logo ......
2025-11-03 12:52:39 [TestNG-tests-2] INFO  Add_candidate - Create loginPage object Class and very company logo ......
2025-11-03 12:52:40 [TestNG-tests-2] INFO  Add_candidate - provide user name ........
2025-11-03 12:52:40 [TestNG-tests-1] INFO  Add_candidate - provide user name ........
2025-11-03 12:52:40 [TestNG-tests-1] INFO  Add_candidate - provide user password ........
2025-11-03 12:52:40 [TestNG-tests-1] INFO  Add_candidate - Click submit button for login !!!!!
2025-11-03 12:52:40 [TestNG-tests-1] INFO  Add_candidate - Waiting for 20 sec  to open dashboard bage after successfully login.....
2025-11-03 12:52:42 [TestNG-tests-1] INFO  Add_candidate - Call create candidate object class to access.......
2025-11-03 12:52:43 [TestNG-tests-1] INFO  Add_candidate - Move to recruitment menu after redirect to dashboard
2025-11-03 12:52:49 [TestNG-tests-2] INFO  Add_candidate - provide user password ........
2025-11-03 12:52:50 [TestNG-tests-2] INFO  Add_candidate - Click submit button for login !!!!!
2025-11-03 12:52:55 [TestNG-tests-1] INFO  Add_candidate - Open and verify candidate page
2025-11-03 12:52:56 [TestNG-tests-2] INFO  Add_candidate - Waiting for 20 sec  to open dashboard bage after successfully login.....
2025-11-03 12:52:56 [TestNG-tests-2] INFO  Add_candidate - Call create candidate object class to access.......
2025-11-03 12:52:56 [TestNG-tests-2] INFO  Add_candidate - Move to recruitment menu after redirect to dashboard
2025-11-03 12:52:56 [TestNG-tests-1] INFO  Add_candidate - input candidate detail in registration page ....
2025-11-03 12:53:03 [TestNG-tests-2] INFO  Add_candidate - Open and verify candidate page
2025-11-03 12:53:04 [TestNG-tests-2] INFO  Add_candidate - input candidate detail in registration page ....
2025-11-03 12:53:11 [TestNG-tests-1] INFO  Add_candidate - capture screenshot for test fail....
2025-11-03 12:53:11 [TestNG-tests-1] ERROR Add_candidate - Test Failed
2025-11-03 12:53:13 [TestNG-tests-2] INFO  Add_candidate - capture screenshot for test fail....
2025-11-03 12:53:13 [TestNG-tests-2] ERROR Add_candidate - Test Failed
